2024-07-18 07:03:43 MODIFY /home/venice/.cache/spotify/public.ldb/000437.log
2024-07-18 07:03:43 MODIFY /home/venice/.cache/spotify/public.ldb/000437.log
2024-07-18 07:03:43 MODIFY /home/venice/.cache/spotify/public.ldb/000437.log
2024-07-18 07:03:43 MODIFY /home/venice/.cache/spotify/public.ldb/000437.log
2024-07-18 07:03:43 MODIFY /home/venice/.cache/spotify/public.ldb/000437.log
2024-07-18 07:03:43 CREATE /home/venice/.cache/spotify/Default/Cache/Cache_Data/bc2e9b0bec827fb5_0
2024-07-18 07:03:43 OPEN /home/venice/.cache/spotify/Default/Cache/Cache_Data/bc2e9b0bec827fb5_0
2024-07-18 07:03:43 MODIFY /home/venice/.cache/spotify/Default/Cache/Cache_Data/bc2e9b0bec827fb5_0
2024-07-18 07:03:43 CREATE /home/venice/.cache/spotify/Default/Cache/Cache_Data/cbf9d1e91235eafa_0
2024-07-18 07:03:43 OPEN /home/venice/.cache/spotify/Default/Cache/Cache_Data/cbf9d1e91235eafa_0
2024-07-18 07:03:43 MODIFY /home/venice/.cache/spotify/Default/Cache/Cache_Data/cbf9d1e91235eafa_0
2024-07-18 07:03:43 CREATE /home/venice/.cache/spotify/Default/Cache/Cache_Data/9eea677ac23de878_0
2024-07-18 07:03:43 OPEN /home/venice/.cache/spotify/Default/Cache/Cache_Data/9eea677ac23de878_0
2024-07-18 07:03:43 MODIFY /home/venice/.cache/spotify/Default/Cache/Cache_Data/9eea677ac23de878_0
2024-07-18 07:03:43 OPEN /home/venice/.cache/spotify/Default/Code Cache/js/e7a90b63147925b4_0
2024-07-18 07:03:43 ACCESS /home/venice/.cache/spotify/Default/Code Cache/js/e7a90b63147925b4_0
2024-07-18 07:03:43 MODIFY /home/venice/.cache/spotify/Default/Cache/Cache_Data/cbf9d1e91235eafa_0
2024-07-18 07:03:43 MODIFY /home/venice/.cache/spotify/Default/Cache/Cache_Data/cbf9d1e91235eafa_0
2024-07-18 07:03:43 CLOSE_WRITE,CLOSE /home/venice/.cache/spotify/Default/Code Cache/js/e7a90b63147925b4_0
2024-07-18 07:03:43 OPEN /home/venice/.cache/spotify/Default/Code Cache/js/6b7a27567fb04587_0
2024-07-18 07:03:43 ACCESS /home/venice/.cache/spotify/Default/Code Cache/js/6b7a27567fb04587_0
2024-07-18 07:03:43 ACCESS /home/venice/.cache/spotify/Default/Code Cache/js/6b7a27567fb04587_0
2024-07-18 07:03:43 ACCESS /home/venice/.cache/spotify/Default/Code Cache/js/6b7a27567fb04587_0
2024-07-18 07:03:43 MODIFY /home/venice/.cache/spotify/Default/Cache/Cache_Data/bc2e9b0bec827fb5_0
2024-07-18 07:03:43 CLOSE_WRITE,CLOSE /home/venice/.cache/spotify/Default/Code Cache/js/6b7a27567fb04587_0
2024-07-18 07:03:43 MODIFY /home/venice/.cache/spotify/Default/Cache/Cache_Data/bc2e9b0bec827fb5_0
2024-07-18 07:03:43 MODIFY /home/venice/.cache/spotify/Default/Cache/Cache_Data/9eea677ac23de878_0
2024-07-18 07:03:43 OPEN /home/venice/.cache/spotify/Default/Cache/Cache_Data/c0238e0c94d6781e_0
2024-07-18 07:03:43 ACCESS /home/venice/.cache/spotify/Default/Cache/Cache_Data/c0238e0c94d6781e_0
2024-07-18 07:03:43 ACCESS /home/venice/.cache/spotify/Default/Cache/Cache_Data/c0238e0c94d6781e_0
2024-07-18 07:03:43 MODIFY /home/venice/.cache/spotify/Default/Cache/Cache_Data/cbf9d1e91235eafa_0
2024-07-18 07:03:43 CLOSE_WRITE,CLOSE /home/venice/.cache/spotify/Default/Cache/Cache_Data/cbf9d1e91235eafa_0
2024-07-18 07:03:43 MODIFY /home/venice/.cache/spotify/Default/Cache/Cache_Data/bc2e9b0bec827fb5_0
2024-07-18 07:03:43 CLOSE_WRITE,CLOSE /home/venice/.cache/spotify/Default/Cache/Cache_Data/bc2e9b0bec827fb5_0
2024-07-18 07:03:43 MODIFY /home/venice/.cache/spotify/Default/Cache/Cache_Data/9eea677ac23de878_0
2024-07-18 07:03:43 CLOSE_WRITE,CLOSE /home/venice/.cache/spotify/Default/Cache/Cache_Data/9eea677ac23de878_0
2024-07-18 07:03:43 ACCESS /home/venice/.cache/spotify/Default/Cache/Cache_Data/c0238e0c94d6781e_0
2024-07-18 07:03:43 CLOSE_WRITE,CLOSE /home/venice/.cache/spotify/Default/Cache/Cache_Data/c0238e0c94d6781e_0
2024-07-18 07:03:43 MODIFY /home/venice/.cache/spotify/Default/DIPS-journal
2024-07-18 07:03:43 MODIFY /home/venice/.cache/spotify/Default/DIPS-journal
2024-07-18 07:03:43 MODIFY /home/venice/.cache/spotify/Default/DIPS-journal
2024-07-18 07:03:43 MODIFY /home/venice/.cache/spotify/Default/DIPS-journal
2024-07-18 07:03:43 MODIFY /home/venice/.cache/spotify/Default/DIPS
2024-07-18 07:03:43 MODIFY /home/venice/.cache/spotify/Default/DIPS-journal
2024-07-18 07:03:43 CREATE /home/venice/.cache/spotify/Default/Cache/Cache_Data/c7342bd201eb7d3c_0
2024-07-18 07:03:43 OPEN /home/venice/.cache/spotify/Default/Cache/Cache_Data/c7342bd201eb7d3c_0
2024-07-18 07:03:43 MODIFY /home/venice/.cache/spotify/Default/Cache/Cache_Data/c7342bd201eb7d3c_0
2024-07-18 07:03:43 CREATE /home/venice/.cache/spotify/Default/Cache/Cache_Data/2b422bbc6958202f_0
2024-07-18 07:03:43 OPEN /home/venice/.cache/spotify/Default/Cache/Cache_Data/2b422bbc6958202f_0
2024-07-18 07:03:43 MODIFY /home/venice/.cache/spotify/Default/Cache/Cache_Data/2b422bbc6958202f_0
2024-07-18 07:03:44 MODIFY /home/venice/.cache/spotify/Default/Cache/Cache_Data/c7342bd201eb7d3c_0
2024-07-18 07:03:44 CLOSE_WRITE,CLOSE /home/venice/.cache/spotify/Default/Cache/Cache_Data/c7342bd201eb7d3c_0
2024-07-18 07:03:44 MODIFY /home/venice/.cache/spotify/Default/Cache/Cache_Data/2b422bbc6958202f_0
2024-07-18 07:03:44 ACCESS /home/venice/.cache/spotify/Default/Cache/Cache_Data/2b422bbc6958202f_0
2024-07-18 07:03:44 MODIFY /home/venice/.cache/spotify/Default/Cache/Cache_Data/2b422bbc6958202f_0
2024-07-18 07:03:44 CLOSE_WRITE,CLOSE /home/venice/.cache/spotify/Default/Cache/Cache_Data/2b422bbc6958202f_0
2024-07-18 07:03:44 MODIFY /home/venice/.cache/spotify/Default/Session Storage/000460.log
2024-07-18 07:03:44 OPEN /home/venice/.cache/spotify/Default/Cache/Cache_Data/b65a91791c288a8a_0
2024-07-18 07:03:44 OPEN /home/venice/.cache/spotify/Default/Code Cache/js/d190aac15127a92e_0
2024-07-18 07:03:44 ACCESS /home/venice/.cache/spotify/Default/Code Cache/js/d190aac15127a92e_0
2024-07-18 07:03:44 OPEN /home/venice/.cache/spotify/Default/Code Cache/js/429640e4de9f620c_0
2024-07-18 07:03:44 ACCESS /home/venice/.cache/spotify/Default/Cache/Cache_Data/b65a91791c288a8a_0
2024-07-18 07:03:44 ACCESS /home/venice/.cache/spotify/Default/Code Cache/js/429640e4de9f620c_0
2024-07-18 07:03:44 OPEN /home/venice/.cache/spotify/Default/Code Cache/js/46cc587c9dac2947_0
2024-07-18 07:03:44 ACCESS /home/venice/.cache/spotify/Default/Cache/Cache_Data/b65a91791c288a8a_0
2024-07-18 07:03:44 ACCESS /home/venice/.cache/spotify/Default/Code Cache/js/46cc587c9dac2947_0
2024-07-18 07:03:44 OPEN /home/venice/.cache/spotify/Default/Code Cache/js/2ac373381332e621_0
2024-07-18 07:03:44 ACCESS /home/venice/.cache/spotify/Default/Code Cache/js/429640e4de9f620c_0
2024-07-18 07:03:44 ACCESS /home/venice/.cache/spotify/Default/Code Cache/js/2ac373381332e621_0
2024-07-18 07:03:44 OPEN /home/venice/.cache/spotify/Default/Code Cache/js/7fc92a38ac4931ee_0
2024-07-18 07:03:44 ACCESS /home/venice/.cache/spotify/Default/Code Cache/js/7fc92a38ac4931ee_0
2024-07-18 07:03:44 CLOSE_WRITE,CLOSE /home/venice/.cache/spotify/Default/Code Cache/js/d190aac15127a92e_0
2024-07-18 07:03:44 OPEN /home/venice/.cache/spotify/Default/Code Cache/js/466888794d89dc83_0
2024-07-18 07:03:44 CLOSE_WRITE,CLOSE /home/venice/.cache/spotify/Default/Code Cache/js/429640e4de9f620c_0
2024-07-18 07:03:44 ACCESS /home/venice/.cache/spotify/Default/Code Cache/js/466888794d89dc83_0
2024-07-18 07:03:44 CLOSE_WRITE,CLOSE /home/venice/.cache/spotify/Default/Code Cache/js/46cc587c9dac2947_0
2024-07-18 07:03:44 CLOSE_WRITE,CLOSE /home/venice/.cache/spotify/Default/Code Cache/js/2ac373381332e621_0
2024-07-18 07:03:44 OPEN /home/venice/.cache/spotify/Default/Code Cache/js/596f8581745f19af_0
2024-07-18 07:03:44 ACCESS /home/venice/.cache/spotify/Default/Code Cache/js/596f8581745f19af_0
2024-07-18 07:03:44 CLOSE_WRITE,CLOSE /home/venice/.cache/spotify/Default/Code Cache/js/7fc92a38ac4931ee_0
2024-07-18 07:03:44 ACCESS /home/venice/.cache/spotify/Default/Code Cache/js/596f8581745f19af_0
2024-07-18 07:03:44 OPEN /home/venice/.cache/spotify/Default/Code Cache/js/72859d8286272823_0
2024-07-18 07:03:44 ACCESS /home/venice/.cache/spotify/Default/Code Cache/js/72859d8286272823_0
2024-07-18 07:03:44 ACCESS /home/venice/.cache/spotify/Default/Code Cache/js/466888794d89dc83_0
2024-07-18 07:03:44 ACCESS /home/venice/.cache/spotify/Default/Code Cache/js/466888794d89dc83_0
2024-07-18 07:03:44 CLOSE_WRITE,CLOSE /home/venice/.cache/spotify/Default/Code Cache/js/466888794d89dc83_0
2024-07-18 07:03:44 CLOSE_WRITE,CLOSE /home/venice/.cache/spotify/Default/Code Cache/js/596f8581745f19af_0
2024-07-18 07:03:44 ACCESS /home/venice/.cache/spotify/Default/Code Cache/js/72859d8286272823_0
2024-07-18 07:03:44 OPEN /home/venice/.cache/spotify/Default/Cache/Cache_Data/84400bc898ec2aef_0
2024-07-18 07:03:44 ACCESS /home/venice/.cache/spotify/Default/Cache/Cache_Data/84400bc898ec2aef_0
2024-07-18 07:03:44 OPEN /home/venice/.cache/spotify/Default/Cache/Cache_Data/d0ebb38cadc799a8_0
2024-07-18 07:03:44 ACCESS /home/venice/.cache/spotify/Default/Cache/Cache_Data/d0ebb38cadc799a8_0
2024-07-18 07:03:44 OPEN /home/venice/.cache/spotify/Default/Cache/Cache_Data/6aea72d41f798027_0
2024-07-18 07:03:44 ACCESS /home/venice/.cache/spotify/Default/Cache/Cache_Data/6aea72d41f798027_0
2024-07-18 07:03:44 OPEN /home/venice/.cache/spotify/Default/Cache/Cache_Data/4ad94c4c43c332f9_0
2024-07-18 07:03:44 ACCESS /home/venice/.cache/spotify/Default/Cache/Cache_Data/4ad94c4c43c332f9_0
2024-07-18 07:03:44 ACCESS /home/venice/.cache/spotify/Default/Cache/Cache_Data/4ad94c4c43c332f9_0
2024-07-18 07:03:44 CLOSE_WRITE,CLOSE /home/venice/.cache/spotify/Default/Code Cache/js/72859d8286272823_0
2024-07-18 07:03:44 CREATE /home/venice/.cache/spotify/Default/Cache/Cache_Data/b3f5431b12b338b8_0
2024-07-18 07:03:44 OPEN /home/venice/.cache/spotify/Default/Cache/Cache_Data/b3f5431b12b338b8_0
2024-07-18 07:03:44 MODIFY /home/venice/.cache/spotify/Default/Cache/Cache_Data/b3f5431b12b338b8_0
2024-07-18 07:03:44 CREATE /home/venice/.cache/spotify/Default/Cache/Cache_Data/16eeadf42bb65e5f_0
2024-07-18 07:03:44 OPEN /home/venice/.cache/spotify/Default/Cache/Cache_Data/16eeadf42bb65e5f_0
2024-07-18 07:03:44 MODIFY /home/venice/.cache/spotify/Default/Cache/Cache_Data/16eeadf42bb65e5f_0
2024-07-18 07:03:44 MODIFY /home/venice/.cache/spotify/Default/Cache/Cache_Data/16eeadf42bb65e5f_0
2024-07-18 07:03:44 ACCESS /home/venice/.cache/spotify/Default/Cache/Cache_Data/b65a91791c288a8a_0
2024-07-18 07:03:44 ACCESS /home/venice/.cache/spotify/Default/Cache/Cache_Data/84400bc898ec2aef_0
2024-07-18 07:03:44 ACCESS /home/venice/.cache/spotify/Default/Cache/Cache_Data/d0ebb38cadc799a8_0
2024-07-18 07:03:44 ACCESS /home/venice/.cache/spotify/Default/Cache/Cache_Data/6aea72d41f798027_0
2024-07-18 07:03:44 ACCESS /home/venice/.cache/spotify/Default/Cache/Cache_Data/b65a91791c288a8a_0
2024-07-18 07:03:44 ACCESS /home/venice/.cache/spotify/Default/Cache/Cache_Data/4ad94c4c43c332f9_0
2024-07-18 07:03:44 MOVED_FROM /home/venice/.cache/spotify/Default/Cache/Cache_Data/b3f5431b12b338b8_0
2024-07-18 07:03:44 MOVED_TO /home/venice/.cache/spotify/Default/Cache/Cache_Data/todelete_b3f5431b12b338b8_0_1
2024-07-18 07:03:44 CLOSE_WRITE,CLOSE /home/venice/.cache/spotify/Default/Cache/Cache_Data/84400bc898ec2aef_0
2024-07-18 07:03:44 CLOSE_WRITE,CLOSE /home/venice/.cache/spotify/Default/Cache/Cache_Data/6aea72d41f798027_0
2024-07-18 07:03:44 CLOSE_WRITE,CLOSE /home/venice/.cache/spotify/Default/Cache/Cache_Data/d0ebb38cadc799a8_0
2024-07-18 07:03:44 CLOSE_WRITE,CLOSE /home/venice/.cache/spotify/Default/Cache/Cache_Data/b65a91791c288a8a_0
2024-07-18 07:03:44 MODIFY /home/venice/.cache/spotify/Default/Cache/Cache_Data/todelete_b3f5431b12b338b8_0_1
2024-07-18 07:03:44 ACCESS /home/venice/.cache/spotify/Default/Cache/Cache_Data/4ad94c4c43c332f9_0
2024-07-18 07:03:44 DELETE /home/venice/.cache/spotify/Default/Cache/Cache_Data/todelete_b3f5431b12b338b8_0_1
2024-07-18 07:03:44 CLOSE_WRITE,CLOSE /home/venice/.cache/spotify/Default/Cache/Cache_Data/todelete_b3f5431b12b338b8_0_1
2024-07-18 07:03:44 CLOSE_WRITE,CLOSE /home/venice/.cache/spotify/Default/Cache/Cache_Data/4ad94c4c43c332f9_0
2024-07-18 07:03:44 MODIFY /home/venice/.cache/spotify/Default/Cache/Cache_Data/16eeadf42bb65e5f_0
2024-07-18 07:03:44 MODIFY /home/venice/.cache/spotify/Default/Cache/Cache_Data/16eeadf42bb65e5f_0
2024-07-18 07:03:44 CLOSE_WRITE,CLOSE /home/venice/.cache/spotify/Default/Cache/Cache_Data/16eeadf42bb65e5f_0
2024-07-18 07:03:44 CREATE /home/venice/.cache/spotify/Default/Cache/Cache_Data/be632b95741fb2af_0
2024-07-18 07:03:44 OPEN /home/venice/.cache/spotify/Default/Cache/Cache_Data/be632b95741fb2af_0
2024-07-18 07:03:44 MODIFY /home/venice/.cache/spotify/Default/Cache/Cache_Data/be632b95741fb2af_0
2024-07-18 07:03:44 CREATE /home/venice/.cache/spotify/Default/Cache/Cache_Data/443d6fecc20cb016_0
2024-07-18 07:03:44 OPEN /home/venice/.cache/spotify/Default/Cache/Cache_Data/443d6fecc20cb016_0
2024-07-18 07:03:44 MODIFY /home/venice/.cache/spotify/Default/Cache/Cache_Data/443d6fecc20cb016_0
2024-07-18 07:03:44 MODIFY /home/venice/.cache/spotify/Default/History-journal
2024-07-18 07:03:44 MODIFY /home/venice/.cache/spotify/Default/History-journal
2024-07-18 07:03:44 ACCESS /home/venice/.cache/spotify/Default/Visited Links
2024-07-18 07:03:44 MODIFY /home/venice/.cache/spotify/Default/Visited Links
2024-07-18 07:03:44 ACCESS /home/venice/.cache/spotify/Default/Visited Links
2024-07-18 07:03:44 MODIFY /home/venice/.cache/spotify/Default/Visited Links
2024-07-18 07:03:44 MOVED_FROM /home/venice/.cache/spotify/Default/Cache/Cache_Data/443d6fecc20cb016_0
2024-07-18 07:03:44 MOVED_TO /home/venice/.cache/spotify/Default/Cache/Cache_Data/todelete_443d6fecc20cb016_0_1
2024-07-18 07:03:44 MODIFY /home/venice/.cache/spotify/Default/Cache/Cache_Data/todelete_443d6fecc20cb016_0_1
2024-07-18 07:03:44 DELETE /home/venice/.cache/spotify/Default/Cache/Cache_Data/todelete_443d6fecc20cb016_0_1
2024-07-18 07:03:44 CLOSE_WRITE,CLOSE /home/venice/.cache/spotify/Default/Cache/Cache_Data/todelete_443d6fecc20cb016_0_1
2024-07-18 07:03:44 OPEN /home/venice/.cache/spotify/Default/Code Cache/js/1dd808d5d4cd4d5c_0
2024-07-18 07:03:44 ACCESS /home/venice/.cache/spotify/Default/Code Cache/js/1dd808d5d4cd4d5c_0
2024-07-18 07:03:44 CLOSE_WRITE,CLOSE /home/venice/.cache/spotify/Default/Code Cache/js/1dd808d5d4cd4d5c_0
2024-07-18 07:03:44 OPEN /home/venice/.cache/spotify/Default/Code Cache/js/90cc8e94b3effaa6_0
2024-07-18 07:03:44 ACCESS /home/venice/.cache/spotify/Default/Code Cache/js/90cc8e94b3effaa6_0
2024-07-18 07:03:44 ACCESS /home/venice/.cache/spotify/Default/Code Cache/js/90cc8e94b3effaa6_0
2024-07-18 07:03:44 OPEN /home/venice/.cache/spotify/Default/Cache/Cache_Data/dd67c7619849849b_0
2024-07-18 07:03:44 ACCESS /home/venice/.cache/spotify/Default/Cache/Cache_Data/dd67c7619849849b_0
2024-07-18 07:03:44 CLOSE_WRITE,CLOSE /home/venice/.cache/spotify/Default/Code Cache/js/90cc8e94b3effaa6_0
2024-07-18 07:03:44 ACCESS /home/venice/.cache/spotify/Default/Cache/Cache_Data/dd67c7619849849b_0
2024-07-18 07:03:44 CLOSE_WRITE,CLOSE /home/venice/.cache/spotify/Default/Cache/Cache_Data/dd67c7619849849b_0
2024-07-18 07:03:44 CREATE /home/venice/.cache/spotify/Default/Cache/Cache_Data/da8694dd1e002e75_0
2024-07-18 07:03:44 OPEN /home/venice/.cache/spotify/Default/Cache/Cache_Data/da8694dd1e002e75_0
2024-07-18 07:03:44 MODIFY /home/venice/.cache/spotify/Default/Cache/Cache_Data/da8694dd1e002e75_0
2024-07-18 07:03:44 MODIFY /home/venice/.cache/spotify/Default/Cache/Cache_Data/be632b95741fb2af_0
2024-07-18 07:03:44 MODIFY /home/venice/.cache/spotify/Default/Cache/Cache_Data/be632b95741fb2af_0
2024-07-18 07:03:44 CLOSE_WRITE,CLOSE /home/venice/.cache/spotify/Default/Cache/Cache_Data/be632b95741fb2af_0
2024-07-18 07:03:45 MODIFY /home/venice/.cache/spotify/Default/Sessions/Session_13365759482608321
2024-07-18 07:03:51 MODIFY /home/venice/.cache/spotify/Users/31waz63mxefnxl5bakboiai4mnbu-user/primary.ldb/000567.log
2024-07-18 07:03:51 MODIFY /home/venice/.cache/spotify/Users/31waz63mxefnxl5bakboiai4mnbu-user/primary.ldb/000567.log
2024-07-18 07:03:51 OPEN /home/venice/.cache/spotify/Default/Cache/Cache_Data/c5feee36b3a14fc7_0
2024-07-18 07:03:51 ACCESS /home/venice/.cache/spotify/Default/Cache/Cache_Data/c5feee36b3a14fc7_0
2024-07-18 07:03:51 ACCESS /home/venice/.cache/spotify/Default/Cache/Cache_Data/c5feee36b3a14fc7_0
2024-07-18 07:03:51 CLOSE_WRITE,CLOSE /home/venice/.cache/spotify/Default/Cache/Cache_Data/c5feee36b3a14fc7_0
2024-07-18 07:03:51 MODIFY /home/venice/.cache/spotify/Users/31waz63mxefnxl5bakboiai4mnbu-user/primary.ldb/000567.log
2024-07-18 07:03:54 CREATE /home/venice/.cache/spotify/Default/.org.chromium.Chromium.CVJs54
2024-07-18 07:03:54 OPEN /home/venice/.cache/spotify/Default/.org.chromium.Chromium.CVJs54
2024-07-18 07:03:54 MODIFY /home/venice/.cache/spotify/Default/.org.chromium.Chromium.CVJs54
2024-07-18 07:03:54 CLOSE_WRITE,CLOSE /home/venice/.cache/spotify/Default/.org.chromium.Chromium.CVJs54
2024-07-18 07:03:54 MOVED_FROM /home/venice/.cache/spotify/Default/.org.chromium.Chromium.CVJs54
2024-07-18 07:03:54 MOVED_TO /home/venice/.cache/spotify/Default/TransportSecurity
2024-07-18 07:03:54 MODIFY /home/venice/.cache/spotify/Default/History-journal
2024-07-18 07:03:54 MODIFY /home/venice/.cache/spotify/Default/History
2024-07-18 07:03:54 MODIFY /home/venice/.cache/spotify/Default/History
2024-07-18 07:03:54 MODIFY /home/venice/.cache/spotify/Default/History
2024-07-18 07:03:54 MODIFY /home/venice/.cache/spotify/Default/History
2024-07-18 07:03:54 MODIFY /home/venice/.cache/spotify/Default/History-journal
2024-07-18 07:03:56 CREATE /home/venice/.cache/spotify/Default/Cache/Cache_Data/317e297e66914826_0
2024-07-18 07:03:56 OPEN /home/venice/.cache/spotify/Default/Cache/Cache_Data/317e297e66914826_0
2024-07-18 07:03:56 MODIFY /home/venice/.cache/spotify/Default/Cache/Cache_Data/317e297e66914826_0
2024-07-18 07:03:56 DELETE /home/venice/.cache/spotify/Default/Cache/Cache_Data/c696d680b1a21f31_0
2024-07-18 07:03:56 CREATE /home/venice/.cache/spotify/Default/Cache/Cache_Data/c696d680b1a21f31_0
2024-07-18 07:03:56 OPEN /home/venice/.cache/spotify/Default/Cache/Cache_Data/c696d680b1a21f31_0
2024-07-18 07:03:56 MODIFY /home/venice/.cache/spotify/Default/Cache/Cache_Data/c696d680b1a21f31_0
2024-07-18 07:03:56 MODIFY /home/venice/.cache/spotify/Default/Cache/Cache_Data/c696d680b1a21f31_0
2024-07-18 07:03:56 MODIFY /home/venice/.cache/spotify/Default/Cache/Cache_Data/c696d680b1a21f31_0
2024-07-18 07:03:56 MODIFY /home/venice/.cache/spotify/Default/Cache/Cache_Data/c696d680b1a21f31_0
2024-07-18 07:03:56 MODIFY /home/venice/.cache/spotify/Default/Cache/Cache_Data/c696d680b1a21f31_0
2024-07-18 07:03:56 MODIFY /home/venice/.cache/spotify/Default/Cache/Cache_Data/c696d680b1a21f31_0
2024-07-18 07:03:56 MODIFY /home/venice/.cache/spotify/Default/Cache/Cache_Data/c696d680b1a21f31_0
2024-07-18 07:03:56 MODIFY /home/venice/.cache/spotify/Default/Cache/Cache_Data/c696d680b1a21f31_0
2024-07-18 07:03:56 MODIFY /home/venice/.cache/spotify/Default/Cache/Cache_Data/c696d680b1a21f31_0
2024-07-18 07:03:56 MODIFY /home/venice/.cache/spotify/Default/Cache/Cache_Data/c696d680b1a21f31_0
2024-07-18 07:03:56 CLOSE_WRITE,CLOSE /home/venice/.cache/spotify/Default/Cache/Cache_Data/c696d680b1a21f31_0
2024-07-18 07:04:00 MODIFY /home/venice/.cache/spotify/public.ldb/000437.log
2024-07-18 07:04:03 MODIFY /home/venice/.cache/spotify/Users/31waz63mxefnxl5bakboiai4mnbu-user/primary.ldb/000567.log
2024-07-18 07:04:04 CREATE /home/venice/.cache/spotify/Default/Code Cache/js/index-dir/temp-index
2024-07-18 07:04:04 OPEN /home/venice/.cache/spotify/Default/Code Cache/js/index-dir/temp-index
2024-07-18 07:04:04 MODIFY /home/venice/.cache/spotify/Default/Code Cache/js/index-dir/temp-index
2024-07-18 07:04:04 CLOSE_WRITE,CLOSE /home/venice/.cache/spotify/Default/Code Cache/js/index-dir/temp-index
2024-07-18 07:04:04 MOVED_FROM /home/venice/.cache/spotify/Default/Code Cache/js/index-dir/temp-index
2024-07-18 07:04:04 MOVED_TO /home/venice/.cache/spotify/Default/Code Cache/js/index-dir/the-real-index
2024-07-18 07:04:08 MODIFY /home/venice/.cache/spotify/Default/DIPS-journal
2024-07-18 07:04:08 MODIFY /home/venice/.cache/spotify/Default/DIPS-journal
2024-07-18 07:04:08 MODIFY /home/venice/.cache/spotify/Default/DIPS-journal
2024-07-18 07:04:08 MODIFY /home/venice/.cache/spotify/Default/DIPS-journal
2024-07-18 07:04:08 MODIFY /home/venice/.cache/spotify/Default/DIPS-journal
2024-07-18 07:04:08 MODIFY /home/venice/.cache/spotify/Default/DIPS-journal
2024-07-18 07:04:08 MODIFY /home/venice/.cache/spotify/Default/DIPS-journal
2024-07-18 07:04:08 MODIFY /home/venice/.cache/spotify/Default/DIPS-journal
2024-07-18 07:04:08 MODIFY /home/venice/.cache/spotify/Default/DIPS
2024-07-18 07:04:08 MODIFY /home/venice/.cache/spotify/Default/DIPS
2024-07-18 07:04:08 MODIFY /home/venice/.cache/spotify/Default/DIPS-journal
2024-07-18 07:04:08 MODIFY /home/venice/.cache/spotify/Users/31waz63mxefnxl5bakboiai4mnbu-user/primary.ldb/000567.log
2024-07-18 07:04:08 MODIFY /home/venice/.cache/spotify/Users/31waz63mxefnxl5bakboiai4mnbu-user/primary.ldb/000567.log
2024-07-18 07:04:08 MODIFY /home/venice/.cache/spotify/Users/31waz63mxefnxl5bakboiai4mnbu-user/primary.ldb/000567.log
2024-07-18 07:04:10 MODIFY /home/venice/.cache/spotify/Users/31waz63mxefnxl5bakboiai4mnbu-user/primary.ldb/000567.log
2024-07-18 07:04:10 MODIFY /home/venice/.cache/spotify/Users/31waz63mxefnxl5bakboiai4mnbu-user/primary.ldb/000567.log
2024-07-18 07:04:10 MODIFY /home/venice/.cache/spotify/Users/31waz63mxefnxl5bakboiai4mnbu-user/primary.ldb/000567.log
2024-07-18 07:04:10 MODIFY /home/venice/.cache/spotify/Users/31waz63mxefnxl5bakboiai4mnbu-user/primary.ldb/000567.log
2024-07-18 07:04:12 MODIFY /home/venice/.cache/spotify/Default/Cache/Cache_Data/da8694dd1e002e75_0
2024-07-18 07:04:12 MODIFY /home/venice/.cache/spotify/Default/Cache/Cache_Data/da8694dd1e002e75_0
2024-07-18 07:04:12 CLOSE_WRITE,CLOSE /home/venice/.cache/spotify/Default/Cache/Cache_Data/da8694dd1e002e75_0
2024-07-18 07:04:12 OPEN /home/venice/.cache/spotify/Default/Code Cache/js/53d888ed38af4d11_0
2024-07-18 07:04:12 ACCESS /home/venice/.cache/spotify/Default/Code Cache/js/53d888ed38af4d11_0
2024-07-18 07:04:12 CLOSE_WRITE,CLOSE /home/venice/.cache/spotify/Default/Code Cache/js/53d888ed38af4d11_0
2024-07-18 07:04:12 OPEN /home/venice/.cache/spotify/Default/Code Cache/js/6507cca52b9e3a13_0
2024-07-18 07:04:12 ACCESS /home/venice/.cache/spotify/Default/Code Cache/js/6507cca52b9e3a13_0
2024-07-18 07:04:12 OPEN /home/venice/.cache/spotify/Default/Cache/Cache_Data/d992f165a147b1e9_0
2024-07-18 07:04:12 ACCESS /home/venice/.cache/spotify/Default/Code Cache/js/6507cca52b9e3a13_0
2024-07-18 07:04:12 ACCESS /home/venice/.cache/spotify/Default/Cache/Cache_Data/d992f165a147b1e9_0
2024-07-18 07:04:12 CLOSE_WRITE,CLOSE /home/venice/.cache/spotify/Default/Code Cache/js/6507cca52b9e3a13_0
2024-07-18 07:04:12 ACCESS /home/venice/.cache/spotify/Default/Cache/Cache_Data/d992f165a147b1e9_0
2024-07-18 07:04:12 CLOSE_WRITE,CLOSE /home/venice/.cache/spotify/Default/Cache/Cache_Data/d992f165a147b1e9_0
2024-07-18 07:04:12 OPEN /home/venice/.cache/spotify/Default/Code Cache/js/ec80411841736cab_0
2024-07-18 07:04:12 ACCESS /home/venice/.cache/spotify/Default/Code Cache/js/ec80411841736cab_0
2024-07-18 07:04:12 OPEN /home/venice/.cache/spotify/Default/Code Cache/js/36f96b9ad2fdd8b0_0
2024-07-18 07:04:12 ACCESS /home/venice/.cache/spotify/Default/Code Cache/js/36f96b9ad2fdd8b0_0
2024-07-18 07:04:12 ACCESS /home/venice/.cache/spotify/Default/Code Cache/js/36f96b9ad2fdd8b0_0
2024-07-18 07:04:12 CLOSE_WRITE,CLOSE /home/venice/.cache/spotify/Default/Code Cache/js/ec80411841736cab_0
2024-07-18 07:04:12 ACCESS /home/venice/.cache/spotify/Default/Code Cache/js/36f96b9ad2fdd8b0_0
2024-07-18 07:04:12 OPEN /home/venice/.cache/spotify/Default/Cache/Cache_Data/cd28f9e7457c6aa1_0
2024-07-18 07:04:12 ACCESS /home/venice/.cache/spotify/Default/Cache/Cache_Data/cd28f9e7457c6aa1_0
2024-07-18 07:04:12 CLOSE_WRITE,CLOSE /home/venice/.cache/spotify/Default/Code Cache/js/36f96b9ad2fdd8b0_0
2024-07-18 07:04:12 ACCESS /home/venice/.cache/spotify/Default/Cache/Cache_Data/cd28f9e7457c6aa1_0
2024-07-18 07:04:12 CLOSE_WRITE,CLOSE /home/venice/.cache/spotify/Default/Cache/Cache_Data/cd28f9e7457c6aa1_0
2024-07-18 07:04:12 CREATE /home/venice/.cache/spotify/Default/Cache/Cache_Data/32843f47498e1efe_0
2024-07-18 07:04:12 OPEN /home/venice/.cache/spotify/Default/Cache/Cache_Data/32843f47498e1efe_0
2024-07-18 07:04:12 MODIFY /home/venice/.cache/spotify/Default/Cache/Cache_Data/32843f47498e1efe_0
2024-07-18 07:04:14 OPEN /home/venice/.cache/spotify/Default/Reporting and NEL-journal
2024-07-18 07:04:14 MODIFY /home/venice/.cache/spotify/Default/Reporting and NEL-journal
2024-07-18 07:04:14 MODIFY /home/venice/.cache/spotify/Default/Reporting and NEL-journal
2024-07-18 07:04:14 OPEN,ISDIR /home/venice/.cache/spotify/Default
2024-07-18 07:04:14 OPEN,ISDIR /home/venice/.cache/spotify/Default/
2024-07-18 07:04:14 CLOSE_NOWRITE,CLOSE,ISDIR /home/venice/.cache/spotify/Default
2024-07-18 07:04:14 CLOSE_NOWRITE,CLOSE,ISDIR /home/venice/.cache/spotify/Default/
2024-07-18 07:04:14 MODIFY /home/venice/.cache/spotify/Default/Reporting and NEL-journal
2024-07-18 07:04:14 MODIFY /home/venice/.cache/spotify/Default/Reporting and NEL
2024-07-18 07:04:14 MODIFY /home/venice/.cache/spotify/Default/Reporting and NEL-journal
2024-07-18 07:04:14 CLOSE_WRITE,CLOSE /home/venice/.cache/spotify/Default/Reporting and NEL-journal
