2024-07-18 07:00:00 ACCESS /home/venice/.cache/spotify/segmentation_platform/ukm_db
2024-07-18 07:00:00 MODIFY /home/venice/.cache/spotify/Default/shared_proto_db/000003.log
2024-07-18 07:00:00 MODIFY /home/venice/.cache/spotify/Default/shared_proto_db/000003.log
2024-07-18 07:00:00 MODIFY /home/venice/.cache/spotify/Default/shared_proto_db/000003.log
2024-07-18 07:00:00 MODIFY /home/venice/.cache/spotify/Default/shared_proto_db/000003.log
2024-07-18 07:00:00 MODIFY /home/venice/.cache/spotify/Default/shared_proto_db/000003.log
2024-07-18 07:00:00 MODIFY /home/venice/.cache/spotify/public.ldb/000437.log
2024-07-18 07:00:00 MODIFY /home/venice/.cache/spotify/public.ldb/000437.log
2024-07-18 07:00:00 MODIFY /home/venice/.cache/spotify/public.ldb/000437.log
2024-07-18 07:00:02 MODIFY /home/venice/.cache/spotify/Default/Sessions/Session_13365759482608321
2024-07-18 07:00:02 MODIFY /home/venice/.cache/spotify/Default/Sessions/Session_13365759482608321
2024-07-18 07:00:03 ACCESS /home/venice/.cache/spotify/Users/31waz63mxefnxl5bakboiai4mnbu-user/primary.ldb/000568.ldb
2024-07-18 07:00:03 ACCESS /home/venice/.cache/spotify/Users/31waz63mxefnxl5bakboiai4mnbu-user/primary.ldb/000568.ldb
2024-07-18 07:00:03 ACCESS /home/venice/.cache/spotify/Users/31waz63mxefnxl5bakboiai4mnbu-user/primary.ldb/000568.ldb
2024-07-18 07:00:03 ACCESS /home/venice/.cache/spotify/Users/31waz63mxefnxl5bakboiai4mnbu-user/primary.ldb/000568.ldb
2024-07-18 07:00:03 ACCESS /home/venice/.cache/spotify/Users/31waz63mxefnxl5bakboiai4mnbu-user/primary.ldb/000568.ldb
2024-07-18 07:00:03 ACCESS /home/venice/.cache/spotify/Users/31waz63mxefnxl5bakboiai4mnbu-user/primary.ldb/000568.ldb
2024-07-18 07:00:03 ACCESS /home/venice/.cache/spotify/Users/31waz63mxefnxl5bakboiai4mnbu-user/primary.ldb/000568.ldb
2024-07-18 07:00:03 ACCESS /home/venice/.cache/spotify/Users/31waz63mxefnxl5bakboiai4mnbu-user/primary.ldb/000568.ldb
2024-07-18 07:00:03 ACCESS /home/venice/.cache/spotify/Users/31waz63mxefnxl5bakboiai4mnbu-user/primary.ldb/000568.ldb
2024-07-18 07:00:03 ACCESS /home/venice/.cache/spotify/Users/31waz63mxefnxl5bakboiai4mnbu-user/primary.ldb/000568.ldb
2024-07-18 07:00:03 ACCESS /home/venice/.cache/spotify/Users/31waz63mxefnxl5bakboiai4mnbu-user/primary.ldb/000568.ldb
2024-07-18 07:00:03 ACCESS /home/venice/.cache/spotify/Users/31waz63mxefnxl5bakboiai4mnbu-user/primary.ldb/000568.ldb
2024-07-18 07:00:03 ACCESS /home/venice/.cache/spotify/Users/31waz63mxefnxl5bakboiai4mnbu-user/primary.ldb/000568.ldb
2024-07-18 07:00:03 ACCESS /home/venice/.cache/spotify/Users/31waz63mxefnxl5bakboiai4mnbu-user/primary.ldb/000568.ldb
2024-07-18 07:00:03 ACCESS /home/venice/.cache/spotify/Users/31waz63mxefnxl5bakboiai4mnbu-user/primary.ldb/000568.ldb
2024-07-18 07:00:03 ACCESS /home/venice/.cache/spotify/Users/31waz63mxefnxl5bakboiai4mnbu-user/primary.ldb/000568.ldb
2024-07-18 07:00:03 ACCESS /home/venice/.cache/spotify/Users/31waz63mxefnxl5bakboiai4mnbu-user/primary.ldb/000568.ldb
2024-07-18 07:00:03 ACCESS /home/venice/.cache/spotify/Users/31waz63mxefnxl5bakboiai4mnbu-user/primary.ldb/000568.ldb
2024-07-18 07:00:03 MODIFY /home/venice/.cache/spotify/Users/31waz63mxefnxl5bakboiai4mnbu-user/primary.ldb/000567.log
2024-07-18 07:00:10 MODIFY /home/venice/.cache/spotify/Users/31waz63mxefnxl5bakboiai4mnbu-user/primary.ldb/000567.log
2024-07-18 07:00:18 MODIFY /home/venice/.cache/spotify/public.ldb/000437.log
2024-07-18 07:00:18 OPEN /home/venice/.cache/spotify/Default/Code Cache/js/91e3a9d6ce371554_0
2024-07-18 07:00:18 ACCESS /home/venice/.cache/spotify/Default/Code Cache/js/91e3a9d6ce371554_0
2024-07-18 07:00:18 CLOSE_WRITE,CLOSE /home/venice/.cache/spotify/Default/Code Cache/js/91e3a9d6ce371554_0
2024-07-18 07:00:18 OPEN /home/venice/.cache/spotify/Default/Code Cache/js/4e41d1de16f882d5_0
2024-07-18 07:00:18 ACCESS /home/venice/.cache/spotify/Default/Code Cache/js/4e41d1de16f882d5_0
2024-07-18 07:00:18 ACCESS /home/venice/.cache/spotify/Default/Code Cache/js/4e41d1de16f882d5_0
2024-07-18 07:00:18 CLOSE_WRITE,CLOSE /home/venice/.cache/spotify/Default/Code Cache/js/4e41d1de16f882d5_0
2024-07-18 07:00:18 MODIFY /home/venice/.cache/spotify/public.ldb/000437.log
2024-07-18 07:00:18 DELETE /home/venice/.cache/spotify/Default/Code Cache/js/91e3a9d6ce371554_0
2024-07-18 07:00:18 MODIFY /home/venice/.cache/spotify/public.ldb/000437.log
2024-07-18 07:00:18 MODIFY /home/venice/.cache/spotify/public.ldb/000437.log
2024-07-18 07:00:18 DELETE /home/venice/.cache/spotify/Default/Code Cache/js/4e41d1de16f882d5_0
2024-07-18 07:00:18 OPEN /home/venice/.cache/spotify/Default/Cache/Cache_Data/1d5138e1c425278b_0
2024-07-18 07:00:18 ACCESS /home/venice/.cache/spotify/Default/Cache/Cache_Data/1d5138e1c425278b_0
2024-07-18 07:00:18 CREATE /home/venice/.cache/spotify/Default/Code Cache/js/91e3a9d6ce371554_0
2024-07-18 07:00:18 OPEN /home/venice/.cache/spotify/Default/Code Cache/js/91e3a9d6ce371554_0
2024-07-18 07:00:18 MODIFY /home/venice/.cache/spotify/Default/Code Cache/js/91e3a9d6ce371554_0
2024-07-18 07:00:18 MODIFY /home/venice/.cache/spotify/Default/Code Cache/js/91e3a9d6ce371554_0
2024-07-18 07:00:18 CLOSE_WRITE,CLOSE /home/venice/.cache/spotify/Default/Code Cache/js/91e3a9d6ce371554_0
2024-07-18 07:00:18 ACCESS /home/venice/.cache/spotify/Default/Cache/Cache_Data/1d5138e1c425278b_0
2024-07-18 07:00:18 CLOSE_WRITE,CLOSE /home/venice/.cache/spotify/Default/Cache/Cache_Data/1d5138e1c425278b_0
2024-07-18 07:00:18 CREATE /home/venice/.cache/spotify/Default/Code Cache/js/4e41d1de16f882d5_0
2024-07-18 07:00:18 OPEN /home/venice/.cache/spotify/Default/Code Cache/js/4e41d1de16f882d5_0
2024-07-18 07:00:18 MODIFY /home/venice/.cache/spotify/Default/Code Cache/js/4e41d1de16f882d5_0
2024-07-18 07:00:18 MODIFY /home/venice/.cache/spotify/Default/Code Cache/js/4e41d1de16f882d5_0
2024-07-18 07:00:18 CLOSE_WRITE,CLOSE /home/venice/.cache/spotify/Default/Code Cache/js/4e41d1de16f882d5_0
2024-07-18 07:00:18 OPEN /home/venice/.cache/spotify/Default/Cache/Cache_Data/c0238e0c94d6781e_0
2024-07-18 07:00:18 ACCESS /home/venice/.cache/spotify/Default/Cache/Cache_Data/c0238e0c94d6781e_0
2024-07-18 07:00:18 ACCESS /home/venice/.cache/spotify/Default/Cache/Cache_Data/c0238e0c94d6781e_0
2024-07-18 07:00:18 CLOSE_WRITE,CLOSE /home/venice/.cache/spotify/Default/Cache/Cache_Data/c0238e0c94d6781e_0
2024-07-18 07:00:18 CREATE /home/venice/.cache/spotify/Default/Code Cache/js/e7a90b63147925b4_0
2024-07-18 07:00:18 OPEN /home/venice/.cache/spotify/Default/Code Cache/js/e7a90b63147925b4_0
2024-07-18 07:00:18 MODIFY /home/venice/.cache/spotify/Default/Code Cache/js/e7a90b63147925b4_0
2024-07-18 07:00:18 CLOSE_WRITE,CLOSE /home/venice/.cache/spotify/Default/Code Cache/js/e7a90b63147925b4_0
2024-07-18 07:00:18 MODIFY /home/venice/.cache/spotify/Default/DIPS-journal
2024-07-18 07:00:18 MODIFY /home/venice/.cache/spotify/Default/DIPS-journal
2024-07-18 07:00:18 MODIFY /home/venice/.cache/spotify/Default/DIPS
2024-07-18 07:00:18 MODIFY /home/venice/.cache/spotify/Default/DIPS-journal
2024-07-18 07:00:18 CREATE /home/venice/.cache/spotify/Default/Cache/Cache_Data/408fc039756707e8_0
2024-07-18 07:00:18 OPEN /home/venice/.cache/spotify/Default/Cache/Cache_Data/408fc039756707e8_0
2024-07-18 07:00:18 MODIFY /home/venice/.cache/spotify/Default/Cache/Cache_Data/408fc039756707e8_0
2024-07-18 07:00:18 CREATE /home/venice/.cache/spotify/Default/Cache/Cache_Data/3040bcdd96890d71_0
2024-07-18 07:00:18 OPEN /home/venice/.cache/spotify/Default/Cache/Cache_Data/3040bcdd96890d71_0
2024-07-18 07:00:18 MODIFY /home/venice/.cache/spotify/Default/Cache/Cache_Data/3040bcdd96890d71_0
2024-07-18 07:00:18 OPEN /home/venice/.cache/spotify/Default/Cache/Cache_Data/69cf5a757a753d26_0
2024-07-18 07:00:18 ACCESS /home/venice/.cache/spotify/Default/Cache/Cache_Data/69cf5a757a753d26_0
2024-07-18 07:00:18 OPEN /home/venice/.cache/spotify/Default/Cache/Cache_Data/e7bf7e7c7035c383_0
2024-07-18 07:00:18 ACCESS /home/venice/.cache/spotify/Default/Cache/Cache_Data/e7bf7e7c7035c383_0
2024-07-18 07:00:18 ACCESS /home/venice/.cache/spotify/Default/Cache/Cache_Data/e7bf7e7c7035c383_0
2024-07-18 07:00:18 ACCESS /home/venice/.cache/spotify/Default/Cache/Cache_Data/69cf5a757a753d26_0
2024-07-18 07:00:18 ACCESS /home/venice/.cache/spotify/Default/Cache/Cache_Data/e7bf7e7c7035c383_0
2024-07-18 07:00:18 CLOSE_WRITE,CLOSE /home/venice/.cache/spotify/Default/Cache/Cache_Data/69cf5a757a753d26_0
2024-07-18 07:00:18 CLOSE_WRITE,CLOSE /home/venice/.cache/spotify/Default/Cache/Cache_Data/e7bf7e7c7035c383_0
2024-07-18 07:00:19 DELETE /home/venice/.cache/spotify/Default/Cache/Cache_Data/5e53f1dce871750a_0
2024-07-18 07:00:19 CREATE /home/venice/.cache/spotify/Default/Cache/Cache_Data/5e53f1dce871750a_0
2024-07-18 07:00:19 OPEN /home/venice/.cache/spotify/Default/Cache/Cache_Data/5e53f1dce871750a_0
2024-07-18 07:00:19 MODIFY /home/venice/.cache/spotify/Default/Cache/Cache_Data/5e53f1dce871750a_0
2024-07-18 07:00:19 MODIFY /home/venice/.cache/spotify/Default/Cache/Cache_Data/3040bcdd96890d71_0
2024-07-18 07:00:19 MODIFY /home/venice/.cache/spotify/Default/Cache/Cache_Data/3040bcdd96890d71_0
2024-07-18 07:00:19 CLOSE_WRITE,CLOSE /home/venice/.cache/spotify/Default/Cache/Cache_Data/3040bcdd96890d71_0
2024-07-18 07:00:19 CREATE /home/venice/.cache/spotify/Default/Session Storage/000460.log
2024-07-18 07:00:19 OPEN /home/venice/.cache/spotify/Default/Session Storage/000460.log
2024-07-18 07:00:19 CLOSE_WRITE,CLOSE /home/venice/.cache/spotify/Default/Session Storage/000456.log
2024-07-18 07:00:19 MODIFY /home/venice/.cache/spotify/Default/Session Storage/000460.log
2024-07-18 07:00:19 MODIFY /home/venice/.cache/spotify/Default/Session Storage/LOG
2024-07-18 07:00:19 CREATE /home/venice/.cache/spotify/Default/Session Storage/000461.ldb
2024-07-18 07:00:19 OPEN /home/venice/.cache/spotify/Default/Session Storage/000461.ldb
2024-07-18 07:00:19 MODIFY /home/venice/.cache/spotify/Default/Session Storage/000461.ldb
2024-07-18 07:00:19 MODIFY /home/venice/.cache/spotify/Default/Session Storage/000461.ldb
2024-07-18 07:00:19 MODIFY /home/venice/.cache/spotify/Default/Cache/Cache_Data/5e53f1dce871750a_0
2024-07-18 07:00:19 MODIFY /home/venice/.cache/spotify/Default/Cache/Cache_Data/5e53f1dce871750a_0
2024-07-18 07:00:19 CLOSE_WRITE,CLOSE /home/venice/.cache/spotify/Default/Cache/Cache_Data/5e53f1dce871750a_0
2024-07-18 07:00:19 MODIFY /home/venice/.cache/spotify/Default/Session Storage/000461.ldb
2024-07-18 07:00:19 MODIFY /home/venice/.cache/spotify/Default/Session Storage/000461.ldb
2024-07-18 07:00:19 DELETE /home/venice/.cache/spotify/Default/Cache/Cache_Data/a281a17270020f54_0
2024-07-18 07:00:19 MODIFY /home/venice/.cache/spotify/Default/Session Storage/000461.ldb
2024-07-18 07:00:19 CREATE /home/venice/.cache/spotify/Default/Cache/Cache_Data/a281a17270020f54_0
2024-07-18 07:00:19 OPEN /home/venice/.cache/spotify/Default/Cache/Cache_Data/a281a17270020f54_0
2024-07-18 07:00:19 MODIFY /home/venice/.cache/spotify/Default/Cache/Cache_Data/a281a17270020f54_0
2024-07-18 07:00:19 CLOSE_WRITE,CLOSE /home/venice/.cache/spotify/Default/Session Storage/000461.ldb
2024-07-18 07:00:19 OPEN /home/venice/.cache/spotify/Default/Session Storage/000461.ldb
2024-07-18 07:00:19 ACCESS /home/venice/.cache/spotify/Default/Session Storage/000461.ldb
2024-07-18 07:00:19 MODIFY /home/venice/.cache/spotify/Default/Session Storage/LOG
2024-07-18 07:00:19 MODIFY /home/venice/.cache/spotify/Default/Session Storage/MANIFEST-000001
2024-07-18 07:00:19 OPEN,ISDIR /home/venice/.cache/spotify/Default/Session Storage
2024-07-18 07:00:19 OPEN,ISDIR /home/venice/.cache/spotify/Default/Session Storage/
2024-07-18 07:00:19 CLOSE_NOWRITE,CLOSE,ISDIR /home/venice/.cache/spotify/Default/Session Storage
2024-07-18 07:00:19 CLOSE_NOWRITE,CLOSE,ISDIR /home/venice/.cache/spotify/Default/Session Storage/
2024-07-18 07:00:19 OPEN,ISDIR /home/venice/.cache/spotify/Default/Session Storage
2024-07-18 07:00:19 OPEN,ISDIR /home/venice/.cache/spotify/Default/Session Storage/
2024-07-18 07:00:19 ACCESS,ISDIR /home/venice/.cache/spotify/Default/Session Storage
2024-07-18 07:00:19 ACCESS,ISDIR /home/venice/.cache/spotify/Default/Session Storage/
2024-07-18 07:00:19 ACCESS,ISDIR /home/venice/.cache/spotify/Default/Session Storage
2024-07-18 07:00:19 ACCESS,ISDIR /home/venice/.cache/spotify/Default/Session Storage/
2024-07-18 07:00:19 CLOSE_NOWRITE,CLOSE,ISDIR /home/venice/.cache/spotify/Default/Session Storage
2024-07-18 07:00:19 CLOSE_NOWRITE,CLOSE,ISDIR /home/venice/.cache/spotify/Default/Session Storage/
2024-07-18 07:00:19 OPEN,ISDIR /home/venice/.cache/spotify/Default/Session Storage
2024-07-18 07:00:19 OPEN,ISDIR /home/venice/.cache/spotify/Default/Session Storage/
2024-07-18 07:00:19 ACCESS,ISDIR /home/venice/.cache/spotify/Default/Session Storage
2024-07-18 07:00:19 ACCESS,ISDIR /home/venice/.cache/spotify/Default/Session Storage/
2024-07-18 07:00:19 ACCESS,ISDIR /home/venice/.cache/spotify/Default/Session Storage
2024-07-18 07:00:19 ACCESS,ISDIR /home/venice/.cache/spotify/Default/Session Storage/
2024-07-18 07:00:19 CLOSE_NOWRITE,CLOSE,ISDIR /home/venice/.cache/spotify/Default/Session Storage
2024-07-18 07:00:19 CLOSE_NOWRITE,CLOSE,ISDIR /home/venice/.cache/spotify/Default/Session Storage/
2024-07-18 07:00:19 MODIFY /home/venice/.cache/spotify/Default/Session Storage/LOG
2024-07-18 07:00:19 DELETE /home/venice/.cache/spotify/Default/Session Storage/000456.log
2024-07-18 07:00:19 MODIFY /home/venice/.cache/spotify/Default/Cache/Cache_Data/a281a17270020f54_0
2024-07-18 07:00:19 MODIFY /home/venice/.cache/spotify/Default/Cache/Cache_Data/a281a17270020f54_0
2024-07-18 07:00:19 MODIFY /home/venice/.cache/spotify/Default/Cache/Cache_Data/a281a17270020f54_0
2024-07-18 07:00:19 CLOSE_WRITE,CLOSE /home/venice/.cache/spotify/Default/Cache/Cache_Data/a281a17270020f54_0
2024-07-18 07:00:19 OPEN /home/venice/.cache/spotify/hyphen-data/120.0.6050.0/hyph-en-us.hyb
2024-07-18 07:00:19 OPEN /home/venice/.cache/spotify/Default/Cache/Cache_Data/fe4230e7f4a8d3fa_0
2024-07-18 07:00:19 ACCESS /home/venice/.cache/spotify/Default/Cache/Cache_Data/fe4230e7f4a8d3fa_0
2024-07-18 07:00:19 OPEN /home/venice/.cache/spotify/Default/Cache/Cache_Data/8343d8b4b1c936d7_0
2024-07-18 07:00:19 ACCESS /home/venice/.cache/spotify/Default/Cache/Cache_Data/8343d8b4b1c936d7_0
2024-07-18 07:00:19 OPEN /home/venice/.cache/spotify/Default/Cache/Cache_Data/e6155fab412e3e69_0
2024-07-18 07:00:19 ACCESS /home/venice/.cache/spotify/Default/Cache/Cache_Data/e6155fab412e3e69_0
2024-07-18 07:00:19 OPEN /home/venice/.cache/spotify/Default/Cache/Cache_Data/a12e212149f23731_0
2024-07-18 07:00:19 ACCESS /home/venice/.cache/spotify/Default/Cache/Cache_Data/a12e212149f23731_0
2024-07-18 07:00:19 OPEN /home/venice/.cache/spotify/Default/Cache/Cache_Data/edfc5350e6909015_0
2024-07-18 07:00:19 ACCESS /home/venice/.cache/spotify/Default/Cache/Cache_Data/edfc5350e6909015_0
2024-07-18 07:00:19 OPEN /home/venice/.cache/spotify/Default/Code Cache/js/3e8fb41cd205a4c7_0
2024-07-18 07:00:19 ACCESS /home/venice/.cache/spotify/Default/Code Cache/js/3e8fb41cd205a4c7_0
2024-07-18 07:00:19 OPEN /home/venice/.cache/spotify/Default/Cache/Cache_Data/c864cfeddbd02efd_0
2024-07-18 07:00:19 ACCESS /home/venice/.cache/spotify/Default/Cache/Cache_Data/c864cfeddbd02efd_0
2024-07-18 07:00:19 CLOSE_WRITE,CLOSE /home/venice/.cache/spotify/Default/Code Cache/js/3e8fb41cd205a4c7_0
2024-07-18 07:00:19 ACCESS /home/venice/.cache/spotify/Default/Cache/Cache_Data/c864cfeddbd02efd_0
2024-07-18 07:00:19 OPEN /home/venice/.cache/spotify/Default/Code Cache/js/b3300e2b9fea23f4_0
2024-07-18 07:00:19 ACCESS /home/venice/.cache/spotify/Default/Code Cache/js/b3300e2b9fea23f4_0
2024-07-18 07:00:19 OPEN /home/venice/.cache/spotify/Default/Cache/Cache_Data/a0bad0eed2b3bad5_0
2024-07-18 07:00:19 ACCESS /home/venice/.cache/spotify/Default/Cache/Cache_Data/a0bad0eed2b3bad5_0
2024-07-18 07:00:19 OPEN /home/venice/.cache/spotify/Default/Cache/Cache_Data/be2409f2cd223fe4_0
2024-07-18 07:00:19 ACCESS /home/venice/.cache/spotify/Default/Cache/Cache_Data/be2409f2cd223fe4_0
2024-07-18 07:00:19 CLOSE_WRITE,CLOSE /home/venice/.cache/spotify/Default/Code Cache/js/b3300e2b9fea23f4_0
2024-07-18 07:00:19 OPEN /home/venice/.cache/spotify/Default/Cache/Cache_Data/b581c716f01b723e_0
2024-07-18 07:00:19 ACCESS /home/venice/.cache/spotify/Default/Cache/Cache_Data/b581c716f01b723e_0
2024-07-18 07:00:19 ACCESS /home/venice/.cache/spotify/Default/Cache/Cache_Data/b581c716f01b723e_0
2024-07-18 07:00:19 OPEN /home/venice/.cache/spotify/Default/Cache/Cache_Data/8d23a0ce14c9d02d_0
2024-07-18 07:00:19 ACCESS /home/venice/.cache/spotify/Default/Cache/Cache_Data/8d23a0ce14c9d02d_0
2024-07-18 07:00:19 OPEN /home/venice/.cache/spotify/Default/Cache/Cache_Data/618084ed530c5eec_0
2024-07-18 07:00:19 ACCESS /home/venice/.cache/spotify/Default/Cache/Cache_Data/618084ed530c5eec_0
2024-07-18 07:00:19 ACCESS /home/venice/.cache/spotify/Default/Cache/Cache_Data/8d23a0ce14c9d02d_0
2024-07-18 07:00:19 OPEN /home/venice/.cache/spotify/Default/Cache/Cache_Data/4f6ad5b7fc576d74_0
2024-07-18 07:00:19 ACCESS /home/venice/.cache/spotify/Default/Cache/Cache_Data/4f6ad5b7fc576d74_0
2024-07-18 07:00:19 OPEN /home/venice/.cache/spotify/Default/Cache/Cache_Data/613c2ea5c37da95e_0
2024-07-18 07:00:19 ACCESS /home/venice/.cache/spotify/Default/Cache/Cache_Data/613c2ea5c37da95e_0
2024-07-18 07:00:19 OPEN /home/venice/.cache/spotify/Default/Cache/Cache_Data/2bd82b48205e022c_0
2024-07-18 07:00:19 ACCESS /home/venice/.cache/spotify/Default/Cache/Cache_Data/2bd82b48205e022c_0
2024-07-18 07:00:19 OPEN /home/venice/.cache/spotify/Default/Cache/Cache_Data/7ba8c7a813d9479c_0
2024-07-18 07:00:19 OPEN /home/venice/.cache/spotify/Default/Cache/Cache_Data/96e4ec1e696af02a_0
2024-07-18 07:00:19 ACCESS /home/venice/.cache/spotify/Default/Cache/Cache_Data/96e4ec1e696af02a_0
2024-07-18 07:00:19 ACCESS /home/venice/.cache/spotify/Default/Cache/Cache_Data/7ba8c7a813d9479c_0
2024-07-18 07:00:19 OPEN /home/venice/.cache/spotify/Default/Cache/Cache_Data/3578e7a11c66eb20_0
2024-07-18 07:00:19 ACCESS /home/venice/.cache/spotify/Default/Cache/Cache_Data/3578e7a11c66eb20_0
2024-07-18 07:00:19 OPEN /home/venice/.cache/spotify/Default/Cache/Cache_Data/0a5db90a4c7e90e3_0
2024-07-18 07:00:19 ACCESS /home/venice/.cache/spotify/Default/Cache/Cache_Data/0a5db90a4c7e90e3_0
2024-07-18 07:00:19 OPEN /home/venice/.cache/spotify/Default/Cache/Cache_Data/d9e2d53efed2ece8_0
2024-07-18 07:00:19 ACCESS /home/venice/.cache/spotify/Default/Cache/Cache_Data/d9e2d53efed2ece8_0
2024-07-18 07:00:19 OPEN /home/venice/.cache/spotify/Default/Cache/Cache_Data/a7c37bf215bcf5f4_0
2024-07-18 07:00:19 ACCESS /home/venice/.cache/spotify/Default/Cache/Cache_Data/a7c37bf215bcf5f4_0
2024-07-18 07:00:19 ACCESS /home/venice/.cache/spotify/Default/Cache/Cache_Data/a7c37bf215bcf5f4_0
2024-07-18 07:00:19 OPEN /home/venice/.cache/spotify/Default/Cache/Cache_Data/0c0bd41c7c2a831b_0
2024-07-18 07:00:19 ACCESS /home/venice/.cache/spotify/Default/Cache/Cache_Data/0c0bd41c7c2a831b_0
2024-07-18 07:00:19 ACCESS /home/venice/.cache/spotify/Default/Cache/Cache_Data/8343d8b4b1c936d7_0
2024-07-18 07:00:19 ACCESS /home/venice/.cache/spotify/Default/Cache/Cache_Data/e6155fab412e3e69_0
2024-07-18 07:00:19 ACCESS /home/venice/.cache/spotify/Default/Cache/Cache_Data/edfc5350e6909015_0
2024-07-18 07:00:19 ACCESS /home/venice/.cache/spotify/Default/Cache/Cache_Data/c864cfeddbd02efd_0
2024-07-18 07:00:19 ACCESS /home/venice/.cache/spotify/Default/Cache/Cache_Data/a0bad0eed2b3bad5_0
2024-07-18 07:00:19 ACCESS /home/venice/.cache/spotify/Default/Cache/Cache_Data/be2409f2cd223fe4_0
2024-07-18 07:00:19 ACCESS /home/venice/.cache/spotify/Default/Cache/Cache_Data/b581c716f01b723e_0
2024-07-18 07:00:19 ACCESS /home/venice/.cache/spotify/Default/Cache/Cache_Data/8d23a0ce14c9d02d_0
2024-07-18 07:00:19 ACCESS /home/venice/.cache/spotify/Default/Cache/Cache_Data/618084ed530c5eec_0
2024-07-18 07:00:19 ACCESS /home/venice/.cache/spotify/Default/Cache/Cache_Data/4f6ad5b7fc576d74_0
2024-07-18 07:00:19 ACCESS /home/venice/.cache/spotify/Default/Cache/Cache_Data/613c2ea5c37da95e_0
2024-07-18 07:00:19 ACCESS /home/venice/.cache/spotify/Default/Cache/Cache_Data/2bd82b48205e022c_0
2024-07-18 07:00:19 ACCESS /home/venice/.cache/spotify/Default/Cache/Cache_Data/7ba8c7a813d9479c_0
2024-07-18 07:00:19 ACCESS /home/venice/.cache/spotify/Default/Cache/Cache_Data/7ba8c7a813d9479c_0
2024-07-18 07:00:19 ACCESS /home/venice/.cache/spotify/Default/Cache/Cache_Data/96e4ec1e696af02a_0
2024-07-18 07:00:19 ACCESS /home/venice/.cache/spotify/Default/Cache/Cache_Data/3578e7a11c66eb20_0
2024-07-18 07:00:19 ACCESS /home/venice/.cache/spotify/Default/Cache/Cache_Data/0a5db90a4c7e90e3_0
2024-07-18 07:00:19 ACCESS /home/venice/.cache/spotify/Default/Cache/Cache_Data/d9e2d53efed2ece8_0
2024-07-18 07:00:19 ACCESS /home/venice/.cache/spotify/Default/Cache/Cache_Data/e6155fab412e3e69_0
2024-07-18 07:00:19 ACCESS /home/venice/.cache/spotify/Default/Cache/Cache_Data/edfc5350e6909015_0
2024-07-18 07:00:19 ACCESS /home/venice/.cache/spotify/Default/Cache/Cache_Data/613c2ea5c37da95e_0
2024-07-18 07:00:19 CLOSE_WRITE,CLOSE /home/venice/.cache/spotify/Default/Cache/Cache_Data/8343d8b4b1c936d7_0
2024-07-18 07:00:19 ACCESS /home/venice/.cache/spotify/Default/Cache/Cache_Data/a7c37bf215bcf5f4_0
2024-07-18 07:00:19 ACCESS /home/venice/.cache/spotify/Default/Cache/Cache_Data/a7c37bf215bcf5f4_0
2024-07-18 07:00:19 ACCESS /home/venice/.cache/spotify/Default/Cache/Cache_Data/0c0bd41c7c2a831b_0
2024-07-18 07:00:19 ACCESS /home/venice/.cache/spotify/Default/Cache/Cache_Data/0c0bd41c7c2a831b_0
2024-07-18 07:00:19 CLOSE_WRITE,CLOSE /home/venice/.cache/spotify/Default/Cache/Cache_Data/c864cfeddbd02efd_0
2024-07-18 07:00:19 CLOSE_WRITE,CLOSE /home/venice/.cache/spotify/Default/Cache/Cache_Data/a0bad0eed2b3bad5_0
2024-07-18 07:00:19 CLOSE_WRITE,CLOSE /home/venice/.cache/spotify/Default/Cache/Cache_Data/be2409f2cd223fe4_0
2024-07-18 07:00:19 CLOSE_WRITE,CLOSE /home/venice/.cache/spotify/Default/Cache/Cache_Data/b581c716f01b723e_0
2024-07-18 07:00:19 CLOSE_WRITE,CLOSE /home/venice/.cache/spotify/Default/Cache/Cache_Data/8d23a0ce14c9d02d_0
2024-07-18 07:00:19 CLOSE_WRITE,CLOSE /home/venice/.cache/spotify/Default/Cache/Cache_Data/618084ed530c5eec_0
2024-07-18 07:00:19 CLOSE_WRITE,CLOSE /home/venice/.cache/spotify/Default/Cache/Cache_Data/4f6ad5b7fc576d74_0
2024-07-18 07:00:19 CLOSE_WRITE,CLOSE /home/venice/.cache/spotify/Default/Cache/Cache_Data/2bd82b48205e022c_0
2024-07-18 07:00:19 ACCESS /home/venice/.cache/spotify/Default/Cache/Cache_Data/e6155fab412e3e69_0
2024-07-18 07:00:19 CLOSE_WRITE,CLOSE /home/venice/.cache/spotify/Default/Cache/Cache_Data/7ba8c7a813d9479c_0
2024-07-18 07:00:19 ACCESS /home/venice/.cache/spotify/Default/Cache/Cache_Data/edfc5350e6909015_0
2024-07-18 07:00:19 CLOSE_WRITE,CLOSE /home/venice/.cache/spotify/Default/Cache/Cache_Data/96e4ec1e696af02a_0
2024-07-18 07:00:19 ACCESS /home/venice/.cache/spotify/Default/Cache/Cache_Data/613c2ea5c37da95e_0
2024-07-18 07:00:19 CLOSE_WRITE,CLOSE /home/venice/.cache/spotify/Default/Cache/Cache_Data/3578e7a11c66eb20_0
2024-07-18 07:00:19 CLOSE_WRITE,CLOSE /home/venice/.cache/spotify/Default/Cache/Cache_Data/e6155fab412e3e69_0
2024-07-18 07:00:19 CLOSE_WRITE,CLOSE /home/venice/.cache/spotify/Default/Cache/Cache_Data/edfc5350e6909015_0
2024-07-18 07:00:19 CLOSE_WRITE,CLOSE /home/venice/.cache/spotify/Default/Cache/Cache_Data/613c2ea5c37da95e_0
2024-07-18 07:00:19 CLOSE_WRITE,CLOSE /home/venice/.cache/spotify/Default/Cache/Cache_Data/0a5db90a4c7e90e3_0
2024-07-18 07:00:19 CLOSE_WRITE,CLOSE /home/venice/.cache/spotify/Default/Cache/Cache_Data/d9e2d53efed2ece8_0
2024-07-18 07:00:19 CLOSE_WRITE,CLOSE /home/venice/.cache/spotify/Default/Cache/Cache_Data/a7c37bf215bcf5f4_0
2024-07-18 07:00:19 CLOSE_WRITE,CLOSE /home/venice/.cache/spotify/Default/Cache/Cache_Data/0c0bd41c7c2a831b_0
2024-07-18 07:00:19 OPEN /home/venice/.cache/spotify/Default/Cache/Cache_Data/e6df93bcc536399d_0
2024-07-18 07:00:19 ACCESS /home/venice/.cache/spotify/Default/Cache/Cache_Data/e6df93bcc536399d_0
2024-07-18 07:00:19 ACCESS /home/venice/.cache/spotify/Default/Cache/Cache_Data/e6df93bcc536399d_0
2024-07-18 07:00:19 OPEN /home/venice/.cache/spotify/Default/Cache/Cache_Data/b45a75179a78dd4d_0
2024-07-18 07:00:19 ACCESS /home/venice/.cache/spotify/Default/Cache/Cache_Data/b45a75179a78dd4d_0
2024-07-18 07:00:19 MODIFY /home/venice/.cache/spotify/Default/Session Storage/000460.log
2024-07-18 07:00:19 CLOSE_WRITE,CLOSE /home/venice/.cache/spotify/Default/Cache/Cache_Data/e6df93bcc536399d_0
2024-07-18 07:00:19 OPEN /home/venice/.cache/spotify/Default/Code Cache/js/94f449567a6b0a4e_0
2024-07-18 07:00:19 ACCESS /home/venice/.cache/spotify/Default/Code Cache/js/94f449567a6b0a4e_0
2024-07-18 07:00:19 CLOSE_WRITE,CLOSE /home/venice/.cache/spotify/Default/Code Cache/js/94f449567a6b0a4e_0
2024-07-18 07:00:19 OPEN /home/venice/.cache/spotify/Default/Code Cache/js/fb83af272a5a947b_0
2024-07-18 07:00:19 OPEN /home/venice/.cache/spotify/Default/Cache/Cache_Data/533dc2c0eb97791d_0
2024-07-18 07:00:19 ACCESS /home/venice/.cache/spotify/Default/Cache/Cache_Data/533dc2c0eb97791d_0
2024-07-18 07:00:19 ACCESS /home/venice/.cache/spotify/Default/Code Cache/js/fb83af272a5a947b_0
2024-07-18 07:00:19 ACCESS /home/venice/.cache/spotify/Default/Cache/Cache_Data/533dc2c0eb97791d_0
2024-07-18 07:00:19 ACCESS /home/venice/.cache/spotify/Default/Code Cache/js/fb83af272a5a947b_0
2024-07-18 07:00:19 CLOSE_WRITE,CLOSE /home/venice/.cache/spotify/Default/Code Cache/js/fb83af272a5a947b_0
2024-07-18 07:00:19 ACCESS /home/venice/.cache/spotify/Default/Cache/Cache_Data/533dc2c0eb97791d_0
2024-07-18 07:00:19 CLOSE_WRITE,CLOSE /home/venice/.cache/spotify/Default/Cache/Cache_Data/533dc2c0eb97791d_0
2024-07-18 07:00:19 MODIFY /home/venice/.cache/spotify/Default/Cache/Cache_Data/b45a75179a78dd4d_0
2024-07-18 07:00:19 MODIFY /home/venice/.cache/spotify/Default/Cache/Cache_Data/b45a75179a78dd4d_0
2024-07-18 07:00:19 MODIFY /home/venice/.cache/spotify/Default/Cache/Cache_Data/b45a75179a78dd4d_0
2024-07-18 07:00:19 MODIFY /home/venice/.cache/spotify/Default/Cache/Cache_Data/b45a75179a78dd4d_0
2024-07-18 07:00:19 MODIFY /home/venice/.cache/spotify/Default/Cache/Cache_Data/b45a75179a78dd4d_0
2024-07-18 07:00:19 MODIFY /home/venice/.cache/spotify/Default/Cache/Cache_Data/b45a75179a78dd4d_0
2024-07-18 07:00:19 MODIFY /home/venice/.cache/spotify/Default/Cache/Cache_Data/b45a75179a78dd4d_0
2024-07-18 07:00:19 MODIFY /home/venice/.cache/spotify/Default/Cache/Cache_Data/b45a75179a78dd4d_0
2024-07-18 07:00:19 MODIFY /home/venice/.cache/spotify/Default/Cache/Cache_Data/b45a75179a78dd4d_0
2024-07-18 07:00:19 CLOSE_WRITE,CLOSE /home/venice/.cache/spotify/Default/Cache/Cache_Data/b45a75179a78dd4d_0
2024-07-18 07:00:19 MODIFY /home/venice/.cache/spotify/Default/Session Storage/000460.log
2024-07-18 07:00:19 MODIFY /home/venice/.cache/spotify/Default/Session Storage/000460.log
2024-07-18 07:00:19 CREATE /home/venice/.cache/spotify/Default/Cache/Cache_Data/b37c5a00c148ac87_0
2024-07-18 07:00:19 OPEN /home/venice/.cache/spotify/Default/Cache/Cache_Data/b37c5a00c148ac87_0
2024-07-18 07:00:19 MODIFY /home/venice/.cache/spotify/Default/Cache/Cache_Data/b37c5a00c148ac87_0
2024-07-18 07:00:19 MODIFY /home/venice/.cache/spotify/Default/Cache/Cache_Data/b37c5a00c148ac87_0
2024-07-18 07:00:19 CREATE /home/venice/.cache/spotify/Default/Cache/Cache_Data/a58c6f6255ac3a1d_0
2024-07-18 07:00:19 OPEN /home/venice/.cache/spotify/Default/Cache/Cache_Data/a58c6f6255ac3a1d_0
2024-07-18 07:00:19 MODIFY /home/venice/.cache/spotify/Default/Cache/Cache_Data/a58c6f6255ac3a1d_0
2024-07-18 07:00:19 MODIFY /home/venice/.cache/spotify/Default/Cache/Cache_Data/a58c6f6255ac3a1d_0
2024-07-18 07:00:19 MODIFY /home/venice/.cache/spotify/Default/Cache/Cache_Data/a58c6f6255ac3a1d_0
2024-07-18 07:00:19 MODIFY /home/venice/.cache/spotify/Default/Cache/Cache_Data/a58c6f6255ac3a1d_0
2024-07-18 07:00:19 MODIFY /home/venice/.cache/spotify/Default/Cache/Cache_Data/a58c6f6255ac3a1d_0
2024-07-18 07:00:19 MODIFY /home/venice/.cache/spotify/Default/Cache/Cache_Data/a58c6f6255ac3a1d_0
2024-07-18 07:00:19 MODIFY /home/venice/.cache/spotify/Default/Cache/Cache_Data/a58c6f6255ac3a1d_0
2024-07-18 07:00:19 CLOSE_WRITE,CLOSE /home/venice/.cache/spotify/Default/Cache/Cache_Data/a58c6f6255ac3a1d_0
2024-07-18 07:00:19 MOVED_FROM /home/venice/.cache/spotify/Default/Cache/Cache_Data/b37c5a00c148ac87_0
2024-07-18 07:00:19 MOVED_TO /home/venice/.cache/spotify/Default/Cache/Cache_Data/todelete_b37c5a00c148ac87_0_1
2024-07-18 07:00:19 MODIFY /home/venice/.cache/spotify/Default/Cache/Cache_Data/todelete_b37c5a00c148ac87_0_1
2024-07-18 07:00:19 MODIFY /home/venice/.cache/spotify/Default/Cache/Cache_Data/todelete_b37c5a00c148ac87_0_1
2024-07-18 07:00:19 MODIFY /home/venice/.cache/spotify/Default/Cache/Cache_Data/todelete_b37c5a00c148ac87_0_1
2024-07-18 07:00:19 MODIFY /home/venice/.cache/spotify/Default/Cache/Cache_Data/todelete_b37c5a00c148ac87_0_1
2024-07-18 07:00:19 MODIFY /home/venice/.cache/spotify/Default/Cache/Cache_Data/todelete_b37c5a00c148ac87_0_1
2024-07-18 07:00:19 DELETE /home/venice/.cache/spotify/Default/Cache/Cache_Data/todelete_b37c5a00c148ac87_0_1
2024-07-18 07:00:19 CLOSE_WRITE,CLOSE /home/venice/.cache/spotify/Default/Cache/Cache_Data/todelete_b37c5a00c148ac87_0_1
2024-07-18 07:00:20 ACCESS /home/venice/.cache/spotify/Default/Cache/Cache_Data/fe4230e7f4a8d3fa_0
2024-07-18 07:00:20 ACCESS /home/venice/.cache/spotify/Default/Cache/Cache_Data/fe4230e7f4a8d3fa_0
2024-07-18 07:00:20 MODIFY /home/venice/.cache/spotify/Default/Cache/Cache_Data/fe4230e7f4a8d3fa_0
2024-07-18 07:00:20 MODIFY /home/venice/.cache/spotify/Default/Cache/Cache_Data/fe4230e7f4a8d3fa_0
2024-07-18 07:00:20 MODIFY /home/venice/.cache/spotify/Default/Cache/Cache_Data/fe4230e7f4a8d3fa_0
2024-07-18 07:00:20 MODIFY /home/venice/.cache/spotify/Default/Cache/Cache_Data/fe4230e7f4a8d3fa_0
2024-07-18 07:00:20 CLOSE_WRITE,CLOSE /home/venice/.cache/spotify/Default/Cache/Cache_Data/fe4230e7f4a8d3fa_0
2024-07-18 07:00:20 OPEN /home/venice/.cache/spotify/Default/Cache/Cache_Data/1d5138e1c425278b_0
2024-07-18 07:00:20 ACCESS /home/venice/.cache/spotify/Default/Cache/Cache_Data/1d5138e1c425278b_0
2024-07-18 07:00:20 ACCESS /home/venice/.cache/spotify/Default/Cache/Cache_Data/1d5138e1c425278b_0
2024-07-18 07:00:20 CLOSE_WRITE,CLOSE /home/venice/.cache/spotify/Default/Cache/Cache_Data/1d5138e1c425278b_0
2024-07-18 07:00:20 MODIFY /home/venice/.cache/spotify/public.ldb/000437.log
2024-07-18 07:00:20 DELETE /home/venice/.cache/spotify/Default/Cache/Cache_Data/dad74a897d6cbd36_0
2024-07-18 07:00:20 CREATE /home/venice/.cache/spotify/Default/Cache/Cache_Data/dad74a897d6cbd36_0
2024-07-18 07:00:20 OPEN /home/venice/.cache/spotify/Default/Cache/Cache_Data/dad74a897d6cbd36_0
2024-07-18 07:00:20 MODIFY /home/venice/.cache/spotify/Default/Cache/Cache_Data/dad74a897d6cbd36_0
2024-07-18 07:00:20 MODIFY /home/venice/.cache/spotify/Default/Sessions/Session_13365759482608321
2024-07-18 07:00:21 MODIFY /home/venice/.cache/spotify/Default/Cache/Cache_Data/dad74a897d6cbd36_0
2024-07-18 07:00:21 MODIFY /home/venice/.cache/spotify/Default/Cache/Cache_Data/dad74a897d6cbd36_0
2024-07-18 07:00:21 MODIFY /home/venice/.cache/spotify/Default/Cache/Cache_Data/dad74a897d6cbd36_0
2024-07-18 07:00:21 MODIFY /home/venice/.cache/spotify/Default/Cache/Cache_Data/dad74a897d6cbd36_0
2024-07-18 07:00:21 MODIFY /home/venice/.cache/spotify/Default/Cache/Cache_Data/dad74a897d6cbd36_0
2024-07-18 07:00:21 MODIFY /home/venice/.cache/spotify/Default/Cache/Cache_Data/dad74a897d6cbd36_0
2024-07-18 07:00:21 MODIFY /home/venice/.cache/spotify/Default/Cache/Cache_Data/dad74a897d6cbd36_0
2024-07-18 07:00:21 CLOSE_WRITE,CLOSE /home/venice/.cache/spotify/Default/Cache/Cache_Data/dad74a897d6cbd36_0
2024-07-18 07:00:21 ACCESS /home/venice/.cache/spotify/Default/Cache/Cache_Data/a12e212149f23731_0
2024-07-18 07:00:21 MODIFY /home/venice/.cache/spotify/Default/Cache/Cache_Data/a12e212149f23731_0
2024-07-18 07:00:21 MODIFY /home/venice/.cache/spotify/Default/Cache/Cache_Data/a12e212149f23731_0
2024-07-18 07:00:21 MODIFY /home/venice/.cache/spotify/Default/Cache/Cache_Data/a12e212149f23731_0
2024-07-18 07:00:21 MODIFY /home/venice/.cache/spotify/Default/Cache/Cache_Data/a12e212149f23731_0
2024-07-18 07:00:21 CLOSE_WRITE,CLOSE /home/venice/.cache/spotify/Default/Cache/Cache_Data/a12e212149f23731_0
2024-07-18 07:00:21 MODIFY /home/venice/.cache/spotify/Default/Cache/Cache_Data/408fc039756707e8_0
2024-07-18 07:00:21 MODIFY /home/venice/.cache/spotify/Default/Cache/Cache_Data/408fc039756707e8_0
2024-07-18 07:00:21 MODIFY /home/venice/.cache/spotify/Default/Cache/Cache_Data/408fc039756707e8_0
2024-07-18 07:00:21 MODIFY /home/venice/.cache/spotify/Default/Cache/Cache_Data/408fc039756707e8_0
2024-07-18 07:00:21 MODIFY /home/venice/.cache/spotify/Default/Cache/Cache_Data/408fc039756707e8_0
2024-07-18 07:00:21 MODIFY /home/venice/.cache/spotify/Default/Cache/Cache_Data/408fc039756707e8_0
2024-07-18 07:00:21 MODIFY /home/venice/.cache/spotify/Default/Cache/Cache_Data/408fc039756707e8_0
2024-07-18 07:00:21 MODIFY /home/venice/.cache/spotify/Default/Cache/Cache_Data/408fc039756707e8_0
2024-07-18 07:00:21 MODIFY /home/venice/.cache/spotify/Default/Cache/Cache_Data/408fc039756707e8_0
2024-07-18 07:00:21 MODIFY /home/venice/.cache/spotify/Default/Cache/Cache_Data/408fc039756707e8_0
2024-07-18 07:00:21 CLOSE_WRITE,CLOSE /home/venice/.cache/spotify/Default/Cache/Cache_Data/408fc039756707e8_0
2024-07-18 07:00:21 OPEN /home/venice/.cache/spotify/Default/Cache/Cache_Data/85f082b02e2f50de_0
2024-07-18 07:00:21 ACCESS /home/venice/.cache/spotify/Default/Cache/Cache_Data/85f082b02e2f50de_0
2024-07-18 07:00:21 ACCESS /home/venice/.cache/spotify/Default/Cache/Cache_Data/85f082b02e2f50de_0
2024-07-18 07:00:21 OPEN /home/venice/.cache/spotify/Default/Cache/Cache_Data/5dd56e473d7d7934_0
2024-07-18 07:00:21 ACCESS /home/venice/.cache/spotify/Default/Cache/Cache_Data/5dd56e473d7d7934_0
2024-07-18 07:00:21 ACCESS /home/venice/.cache/spotify/Default/Cache/Cache_Data/5dd56e473d7d7934_0
2024-07-18 07:00:21 OPEN /home/venice/.cache/spotify/Default/Cache/Cache_Data/56ab5a4c1e82b503_0
2024-07-18 07:00:21 ACCESS /home/venice/.cache/spotify/Default/Cache/Cache_Data/56ab5a4c1e82b503_0
2024-07-18 07:00:21 OPEN /home/venice/.cache/spotify/Default/Cache/Cache_Data/0a199c0f2af8149a_0
2024-07-18 07:00:21 ACCESS /home/venice/.cache/spotify/Default/Cache/Cache_Data/56ab5a4c1e82b503_0
2024-07-18 07:00:21 ACCESS /home/venice/.cache/spotify/Default/Cache/Cache_Data/0a199c0f2af8149a_0
2024-07-18 07:00:21 ACCESS /home/venice/.cache/spotify/Default/Cache/Cache_Data/85f082b02e2f50de_0
2024-07-18 07:00:21 ACCESS /home/venice/.cache/spotify/Default/Cache/Cache_Data/85f082b02e2f50de_0
2024-07-18 07:00:21 ACCESS /home/venice/.cache/spotify/Default/Cache/Cache_Data/5dd56e473d7d7934_0
2024-07-18 07:00:21 ACCESS /home/venice/.cache/spotify/Default/Cache/Cache_Data/5dd56e473d7d7934_0
2024-07-18 07:00:21 ACCESS /home/venice/.cache/spotify/Default/Cache/Cache_Data/56ab5a4c1e82b503_0
2024-07-18 07:00:21 ACCESS /home/venice/.cache/spotify/Default/Cache/Cache_Data/56ab5a4c1e82b503_0
2024-07-18 07:00:21 ACCESS /home/venice/.cache/spotify/Default/Cache/Cache_Data/0a199c0f2af8149a_0
2024-07-18 07:00:21 CLOSE_WRITE,CLOSE /home/venice/.cache/spotify/Default/Cache/Cache_Data/85f082b02e2f50de_0
2024-07-18 07:00:21 CLOSE_WRITE,CLOSE /home/venice/.cache/spotify/Default/Cache/Cache_Data/5dd56e473d7d7934_0
2024-07-18 07:00:21 CLOSE_WRITE,CLOSE /home/venice/.cache/spotify/Default/Cache/Cache_Data/56ab5a4c1e82b503_0
2024-07-18 07:00:21 CLOSE_WRITE,CLOSE /home/venice/.cache/spotify/Default/Cache/Cache_Data/0a199c0f2af8149a_0
2024-07-18 07:00:21 OPEN /home/venice/.cache/spotify/Default/Cache/Cache_Data/303981ec39cf8305_0
2024-07-18 07:00:21 OPEN /home/venice/.cache/spotify/Default/Cache/Cache_Data/6720c154493fb141_0
2024-07-18 07:00:21 ACCESS /home/venice/.cache/spotify/Default/Cache/Cache_Data/6720c154493fb141_0
2024-07-18 07:00:21 ACCESS /home/venice/.cache/spotify/Default/Cache/Cache_Data/6720c154493fb141_0
2024-07-18 07:00:21 OPEN /home/venice/.cache/spotify/Default/Cache/Cache_Data/688cab2d868f3ea5_0
2024-07-18 07:00:21 ACCESS /home/venice/.cache/spotify/Default/Cache/Cache_Data/303981ec39cf8305_0
2024-07-18 07:00:21 ACCESS /home/venice/.cache/spotify/Default/Cache/Cache_Data/303981ec39cf8305_0
2024-07-18 07:00:21 OPEN /home/venice/.cache/spotify/Default/Cache/Cache_Data/475e65c9adb03e3c_0
2024-07-18 07:00:21 ACCESS /home/venice/.cache/spotify/Default/Cache/Cache_Data/688cab2d868f3ea5_0
2024-07-18 07:00:21 ACCESS /home/venice/.cache/spotify/Default/Cache/Cache_Data/475e65c9adb03e3c_0
2024-07-18 07:00:21 ACCESS /home/venice/.cache/spotify/Default/Cache/Cache_Data/688cab2d868f3ea5_0
2024-07-18 07:00:21 ACCESS /home/venice/.cache/spotify/Default/Cache/Cache_Data/303981ec39cf8305_0
2024-07-18 07:00:21 ACCESS /home/venice/.cache/spotify/Default/Cache/Cache_Data/6720c154493fb141_0
2024-07-18 07:00:21 ACCESS /home/venice/.cache/spotify/Default/Cache/Cache_Data/6720c154493fb141_0
2024-07-18 07:00:21 ACCESS /home/venice/.cache/spotify/Default/Cache/Cache_Data/475e65c9adb03e3c_0
2024-07-18 07:00:21 ACCESS /home/venice/.cache/spotify/Default/Cache/Cache_Data/688cab2d868f3ea5_0
2024-07-18 07:00:21 CLOSE_WRITE,CLOSE /home/venice/.cache/spotify/Default/Cache/Cache_Data/303981ec39cf8305_0
2024-07-18 07:00:21 CLOSE_WRITE,CLOSE /home/venice/.cache/spotify/Default/Cache/Cache_Data/6720c154493fb141_0
2024-07-18 07:00:21 CLOSE_WRITE,CLOSE /home/venice/.cache/spotify/Default/Cache/Cache_Data/475e65c9adb03e3c_0
2024-07-18 07:00:21 CLOSE_WRITE,CLOSE /home/venice/.cache/spotify/Default/Cache/Cache_Data/688cab2d868f3ea5_0
2024-07-18 07:00:22 OPEN /home/venice/.cache/spotify/Default/Cache/Cache_Data/3040bcdd96890d71_0
2024-07-18 07:00:22 ACCESS /home/venice/.cache/spotify/Default/Cache/Cache_Data/3040bcdd96890d71_0
2024-07-18 07:00:22 ACCESS /home/venice/.cache/spotify/Default/Cache/Cache_Data/3040bcdd96890d71_0
2024-07-18 07:00:22 CLOSE_WRITE,CLOSE /home/venice/.cache/spotify/Default/Cache/Cache_Data/3040bcdd96890d71_0
2024-07-18 07:00:22 CREATE /home/venice/.cache/spotify/Default/Cache/Cache_Data/3e928695c705c7f8_0
2024-07-18 07:00:22 OPEN /home/venice/.cache/spotify/Default/Cache/Cache_Data/3e928695c705c7f8_0
2024-07-18 07:00:22 MODIFY /home/venice/.cache/spotify/Default/Cache/Cache_Data/3e928695c705c7f8_0
2024-07-18 07:00:22 CREATE /home/venice/.cache/spotify/Default/Cache/Cache_Data/7890390a0dcf369c_0
2024-07-18 07:00:22 OPEN /home/venice/.cache/spotify/Default/Cache/Cache_Data/7890390a0dcf369c_0
2024-07-18 07:00:22 MODIFY /home/venice/.cache/spotify/Default/Cache/Cache_Data/7890390a0dcf369c_0
2024-07-18 07:00:22 OPEN /home/venice/.cache/spotify/Default/Code Cache/js/ce60fd382282105f_0
2024-07-18 07:00:22 OPEN /home/venice/.cache/spotify/Default/Cache/Cache_Data/85444980d1d111e2_0
2024-07-18 07:00:22 ACCESS /home/venice/.cache/spotify/Default/Cache/Cache_Data/85444980d1d111e2_0
2024-07-18 07:00:22 ACCESS /home/venice/.cache/spotify/Default/Code Cache/js/ce60fd382282105f_0
2024-07-18 07:00:22 OPEN /home/venice/.cache/spotify/Default/Cache/Cache_Data/18b484334822f76a_0
2024-07-18 07:00:22 ACCESS /home/venice/.cache/spotify/Default/Cache/Cache_Data/18b484334822f76a_0
2024-07-18 07:00:22 OPEN /home/venice/.cache/spotify/Default/Cache/Cache_Data/242bc96f080db1fc_0
2024-07-18 07:00:22 ACCESS /home/venice/.cache/spotify/Default/Cache/Cache_Data/242bc96f080db1fc_0
2024-07-18 07:00:22 OPEN /home/venice/.cache/spotify/Default/Cache/Cache_Data/4ad94c4c43c332f9_0
2024-07-18 07:00:22 ACCESS /home/venice/.cache/spotify/Default/Cache/Cache_Data/4ad94c4c43c332f9_0
2024-07-18 07:00:22 OPEN /home/venice/.cache/spotify/Default/Code Cache/js/3e4d3f7f38296841_0
2024-07-18 07:00:22 CLOSE_WRITE,CLOSE /home/venice/.cache/spotify/Default/Code Cache/js/ce60fd382282105f_0
2024-07-18 07:00:22 OPEN /home/venice/.cache/spotify/Default/Code Cache/js/c4c3b582a8a63e47_0
2024-07-18 07:00:22 ACCESS /home/venice/.cache/spotify/Default/Code Cache/js/c4c3b582a8a63e47_0
2024-07-18 07:00:22 ACCESS /home/venice/.cache/spotify/Default/Code Cache/js/3e4d3f7f38296841_0
2024-07-18 07:00:22 OPEN /home/venice/.cache/spotify/Default/Code Cache/js/e0c16366de9e4183_0
2024-07-18 07:00:22 ACCESS /home/venice/.cache/spotify/Default/Code Cache/js/e0c16366de9e4183_0
2024-07-18 07:00:22 OPEN /home/venice/.cache/spotify/Default/Code Cache/js/7fc92a38ac4931ee_0
2024-07-18 07:00:22 ACCESS /home/venice/.cache/spotify/Default/Code Cache/js/7fc92a38ac4931ee_0
2024-07-18 07:00:22 CLOSE_WRITE,CLOSE /home/venice/.cache/spotify/Default/Code Cache/js/3e4d3f7f38296841_0
2024-07-18 07:00:22 CLOSE_WRITE,CLOSE /home/venice/.cache/spotify/Default/Code Cache/js/c4c3b582a8a63e47_0
2024-07-18 07:00:22 OPEN /home/venice/.cache/spotify/Default/Code Cache/js/f183e1500f1244ea_0
2024-07-18 07:00:22 ACCESS /home/venice/.cache/spotify/Default/Code Cache/js/f183e1500f1244ea_0
2024-07-18 07:00:22 CLOSE_WRITE,CLOSE /home/venice/.cache/spotify/Default/Code Cache/js/7fc92a38ac4931ee_0
2024-07-18 07:00:22 ACCESS /home/venice/.cache/spotify/Default/Code Cache/js/f183e1500f1244ea_0
2024-07-18 07:00:22 ACCESS /home/venice/.cache/spotify/Default/Code Cache/js/f183e1500f1244ea_0
2024-07-18 07:00:22 ACCESS /home/venice/.cache/spotify/Default/Code Cache/js/e0c16366de9e4183_0
2024-07-18 07:00:22 CLOSE_WRITE,CLOSE /home/venice/.cache/spotify/Default/Code Cache/js/e0c16366de9e4183_0
2024-07-18 07:00:22 CLOSE_WRITE,CLOSE /home/venice/.cache/spotify/Default/Code Cache/js/f183e1500f1244ea_0
2024-07-18 07:00:22 ACCESS /home/venice/.cache/spotify/Default/Cache/Cache_Data/18b484334822f76a_0
2024-07-18 07:00:22 ACCESS /home/venice/.cache/spotify/Default/Cache/Cache_Data/242bc96f080db1fc_0
2024-07-18 07:00:22 ACCESS /home/venice/.cache/spotify/Default/Cache/Cache_Data/4ad94c4c43c332f9_0
2024-07-18 07:00:22 CLOSE_WRITE,CLOSE /home/venice/.cache/spotify/Default/Cache/Cache_Data/242bc96f080db1fc_0
2024-07-18 07:00:22 CLOSE_WRITE,CLOSE /home/venice/.cache/spotify/Default/Cache/Cache_Data/18b484334822f76a_0
2024-07-18 07:00:22 ACCESS /home/venice/.cache/spotify/Default/Cache/Cache_Data/4ad94c4c43c332f9_0
2024-07-18 07:00:22 CLOSE_WRITE,CLOSE /home/venice/.cache/spotify/Default/Cache/Cache_Data/4ad94c4c43c332f9_0
2024-07-18 07:00:22 DELETE /home/venice/.cache/spotify/Default/Code Cache/js/3e4d3f7f38296841_0
2024-07-18 07:00:22 DELETE /home/venice/.cache/spotify/Default/Code Cache/js/7fc92a38ac4931ee_0
2024-07-18 07:00:22 MODIFY /home/venice/.cache/spotify/Default/Cache/Cache_Data/3e928695c705c7f8_0
2024-07-18 07:00:22 CLOSE_WRITE,CLOSE /home/venice/.cache/spotify/Default/Cache/Cache_Data/3e928695c705c7f8_0
2024-07-18 07:00:22 ACCESS /home/venice/.cache/spotify/Default/Cache/Cache_Data/85444980d1d111e2_0
2024-07-18 07:00:22 MODIFY /home/venice/.cache/spotify/Default/Cache/Cache_Data/85444980d1d111e2_0
2024-07-18 07:00:22 CLOSE_WRITE,CLOSE /home/venice/.cache/spotify/Default/Cache/Cache_Data/85444980d1d111e2_0
2024-07-18 07:00:22 DELETE /home/venice/.cache/spotify/Default/Code Cache/js/ce60fd382282105f_0
2024-07-18 07:00:22 CREATE /home/venice/.cache/spotify/Default/Code Cache/js/ce60fd382282105f_0
2024-07-18 07:00:22 OPEN /home/venice/.cache/spotify/Default/Code Cache/js/ce60fd382282105f_0
2024-07-18 07:00:22 MODIFY /home/venice/.cache/spotify/Default/Code Cache/js/ce60fd382282105f_0
2024-07-18 07:00:22 MODIFY /home/venice/.cache/spotify/Default/Code Cache/js/ce60fd382282105f_0
2024-07-18 07:00:22 MODIFY /home/venice/.cache/spotify/Default/Code Cache/js/ce60fd382282105f_0
2024-07-18 07:00:22 MODIFY /home/venice/.cache/spotify/Default/Code Cache/js/ce60fd382282105f_0
2024-07-18 07:00:22 CLOSE_WRITE,CLOSE /home/venice/.cache/spotify/Default/Code Cache/js/ce60fd382282105f_0
2024-07-18 07:00:22 MOVED_FROM /home/venice/.cache/spotify/Default/Cache/Cache_Data/7890390a0dcf369c_0
2024-07-18 07:00:22 MOVED_TO /home/venice/.cache/spotify/Default/Cache/Cache_Data/todelete_7890390a0dcf369c_0_1
2024-07-18 07:00:22 MODIFY /home/venice/.cache/spotify/Default/Cache/Cache_Data/todelete_7890390a0dcf369c_0_1
2024-07-18 07:00:22 DELETE /home/venice/.cache/spotify/Default/Cache/Cache_Data/todelete_7890390a0dcf369c_0_1
2024-07-18 07:00:22 CLOSE_WRITE,CLOSE /home/venice/.cache/spotify/Default/Cache/Cache_Data/todelete_7890390a0dcf369c_0_1
2024-07-18 07:00:22 CREATE /home/venice/.cache/spotify/Default/Cache/Cache_Data/df3a7cff5f134810_0
2024-07-18 07:00:22 OPEN /home/venice/.cache/spotify/Default/Cache/Cache_Data/df3a7cff5f134810_0
2024-07-18 07:00:22 MODIFY /home/venice/.cache/spotify/Default/Cache/Cache_Data/df3a7cff5f134810_0
2024-07-18 07:00:22 CREATE /home/venice/.cache/spotify/Default/Cache/Cache_Data/8a1c519d902c27fd_0
2024-07-18 07:00:22 OPEN /home/venice/.cache/spotify/Default/Cache/Cache_Data/8a1c519d902c27fd_0
2024-07-18 07:00:22 MODIFY /home/venice/.cache/spotify/Default/Cache/Cache_Data/8a1c519d902c27fd_0
2024-07-18 07:00:22 CREATE /home/venice/.cache/spotify/Default/Code Cache/js/3e4d3f7f38296841_0
2024-07-18 07:00:22 OPEN /home/venice/.cache/spotify/Default/Code Cache/js/3e4d3f7f38296841_0
2024-07-18 07:00:22 MODIFY /home/venice/.cache/spotify/Default/Code Cache/js/3e4d3f7f38296841_0
2024-07-18 07:00:22 MODIFY /home/venice/.cache/spotify/Default/Code Cache/js/3e4d3f7f38296841_0
2024-07-18 07:00:22 CLOSE_WRITE,CLOSE /home/venice/.cache/spotify/Default/Code Cache/js/3e4d3f7f38296841_0
2024-07-18 07:00:22 MODIFY /home/venice/.cache/spotify/Default/Cache/Cache_Data/df3a7cff5f134810_0
2024-07-18 07:00:22 CLOSE_WRITE,CLOSE /home/venice/.cache/spotify/Default/Cache/Cache_Data/df3a7cff5f134810_0
2024-07-18 07:00:24 MODIFY /home/venice/.cache/spotify/Default/Session Storage/000460.log
2024-07-18 07:00:24 MODIFY /home/venice/.cache/spotify/Default/Local Storage/leveldb/000049.log
2024-07-18 07:00:24 MODIFY /home/venice/.cache/spotify/Default/Sessions/Session_13365759482608321
2024-07-18 07:00:25 MOVED_FROM /home/venice/.cache/spotify/Default/Cache/Cache_Data/8a1c519d902c27fd_0
2024-07-18 07:00:25 MOVED_TO /home/venice/.cache/spotify/Default/Cache/Cache_Data/todelete_8a1c519d902c27fd_0_1
2024-07-18 07:00:25 MODIFY /home/venice/.cache/spotify/Default/Cache/Cache_Data/todelete_8a1c519d902c27fd_0_1
2024-07-18 07:00:25 DELETE /home/venice/.cache/spotify/Default/Cache/Cache_Data/todelete_8a1c519d902c27fd_0_1
2024-07-18 07:00:25 CLOSE_WRITE,CLOSE /home/venice/.cache/spotify/Default/Cache/Cache_Data/todelete_8a1c519d902c27fd_0_1
2024-07-18 07:00:25 OPEN /home/venice/.cache/spotify/Default/Cache/Cache_Data/6ae2a1d0fffb6022_0
2024-07-18 07:00:25 ACCESS /home/venice/.cache/spotify/Default/Cache/Cache_Data/6ae2a1d0fffb6022_0
2024-07-18 07:00:25 ACCESS /home/venice/.cache/spotify/Default/Cache/Cache_Data/6ae2a1d0fffb6022_0
2024-07-18 07:00:25 CLOSE_WRITE,CLOSE /home/venice/.cache/spotify/Default/Cache/Cache_Data/6ae2a1d0fffb6022_0
2024-07-18 07:00:25 CREATE /home/venice/.cache/spotify/Default/Code Cache/js/7fc92a38ac4931ee_0
2024-07-18 07:00:25 OPEN /home/venice/.cache/spotify/Default/Code Cache/js/7fc92a38ac4931ee_0
2024-07-18 07:00:25 MODIFY /home/venice/.cache/spotify/Default/Code Cache/js/7fc92a38ac4931ee_0
2024-07-18 07:00:25 MODIFY /home/venice/.cache/spotify/Default/Code Cache/js/7fc92a38ac4931ee_0
2024-07-18 07:00:25 MODIFY /home/venice/.cache/spotify/Default/Code Cache/js/7fc92a38ac4931ee_0
2024-07-18 07:00:25 MODIFY /home/venice/.cache/spotify/Default/Code Cache/js/7fc92a38ac4931ee_0
2024-07-18 07:00:25 MODIFY /home/venice/.cache/spotify/Default/Code Cache/js/7fc92a38ac4931ee_0
2024-07-18 07:00:25 MODIFY /home/venice/.cache/spotify/Default/Code Cache/js/7fc92a38ac4931ee_0
2024-07-18 07:00:25 CLOSE_WRITE,CLOSE /home/venice/.cache/spotify/Default/Code Cache/js/7fc92a38ac4931ee_0
2024-07-18 07:00:25 DELETE /home/venice/.cache/spotify/Default/Cache/Cache_Data/0e19891d9faa481a_0
2024-07-18 07:00:25 CREATE /home/venice/.cache/spotify/Default/Cache/Cache_Data/0e19891d9faa481a_0
2024-07-18 07:00:25 OPEN /home/venice/.cache/spotify/Default/Cache/Cache_Data/0e19891d9faa481a_0
2024-07-18 07:00:25 MODIFY /home/venice/.cache/spotify/Default/Cache/Cache_Data/0e19891d9faa481a_0
2024-07-18 07:00:25 CREATE /home/venice/.cache/spotify/Default/Cache/Cache_Data/5b0997d8d4527d3f_0
2024-07-18 07:00:25 OPEN /home/venice/.cache/spotify/Default/Cache/Cache_Data/5b0997d8d4527d3f_0
2024-07-18 07:00:25 MODIFY /home/venice/.cache/spotify/Default/Cache/Cache_Data/5b0997d8d4527d3f_0
2024-07-18 07:00:25 MODIFY /home/venice/.cache/spotify/Default/Cache/Cache_Data/5b0997d8d4527d3f_0
2024-07-18 07:00:25 MODIFY /home/venice/.cache/spotify/Default/Cache/Cache_Data/0e19891d9faa481a_0
2024-07-18 07:00:25 CLOSE_WRITE,CLOSE /home/venice/.cache/spotify/Default/Cache/Cache_Data/0e19891d9faa481a_0
2024-07-18 07:00:25 MODIFY /home/venice/.cache/spotify/Default/Cache/Cache_Data/5b0997d8d4527d3f_0
2024-07-18 07:00:25 CLOSE_WRITE,CLOSE /home/venice/.cache/spotify/Default/Cache/Cache_Data/5b0997d8d4527d3f_0
2024-07-18 07:00:26 CREATE /home/venice/.cache/spotify/Default/Cache/Cache_Data/05d1cb4c6a1ab826_0
2024-07-18 07:00:26 OPEN /home/venice/.cache/spotify/Default/Cache/Cache_Data/05d1cb4c6a1ab826_0
2024-07-18 07:00:26 MODIFY /home/venice/.cache/spotify/Default/Cache/Cache_Data/05d1cb4c6a1ab826_0
2024-07-18 07:00:26 MODIFY /home/venice/.cache/spotify/Default/Cache/Cache_Data/05d1cb4c6a1ab826_0
2024-07-18 07:00:26 MODIFY /home/venice/.cache/spotify/Default/Cache/Cache_Data/05d1cb4c6a1ab826_0
2024-07-18 07:00:26 CLOSE_WRITE,CLOSE /home/venice/.cache/spotify/Default/Cache/Cache_Data/05d1cb4c6a1ab826_0
2024-07-18 07:00:29 CREATE /home/venice/.cache/spotify/Default/.org.chromium.Chromium.q4tvdN
2024-07-18 07:00:29 OPEN /home/venice/.cache/spotify/Default/.org.chromium.Chromium.q4tvdN
2024-07-18 07:00:29 MODIFY /home/venice/.cache/spotify/Default/.org.chromium.Chromium.q4tvdN
2024-07-18 07:00:29 CLOSE_WRITE,CLOSE /home/venice/.cache/spotify/Default/.org.chromium.Chromium.q4tvdN
2024-07-18 07:00:29 MOVED_FROM /home/venice/.cache/spotify/Default/.org.chromium.Chromium.q4tvdN
2024-07-18 07:00:29 MOVED_TO /home/venice/.cache/spotify/Default/TransportSecurity
2024-07-18 07:00:30 MODIFY /home/venice/.cache/spotify/public.ldb/000437.log
