2024-07-18 07:02:08 MODIFY /home/venice/.cache/spotify/Default/Sessions/Session_13365759482608321
2024-07-18 07:02:09 MODIFY /home/venice/.cache/spotify/public.ldb/000437.log
2024-07-18 07:02:09 MODIFY /home/venice/.cache/spotify/public.ldb/000437.log
2024-07-18 07:02:09 MODIFY /home/venice/.cache/spotify/public.ldb/000437.log
2024-07-18 07:02:09 MODIFY /home/venice/.cache/spotify/public.ldb/000437.log
2024-07-18 07:02:09 MODIFY /home/venice/.cache/spotify/public.ldb/000437.log
2024-07-18 07:02:09 MODIFY /home/venice/.cache/spotify/public.ldb/000437.log
2024-07-18 07:02:09 MODIFY /home/venice/.cache/spotify/public.ldb/000437.log
2024-07-18 07:02:09 CREATE /home/venice/.cache/spotify/Users/31waz63mxefnxl5bakboiai4mnbu-user/played-state-storage.tmp
2024-07-18 07:02:09 OPEN /home/venice/.cache/spotify/Users/31waz63mxefnxl5bakboiai4mnbu-user/played-state-storage.tmp
2024-07-18 07:02:09 MODIFY /home/venice/.cache/spotify/Users/31waz63mxefnxl5bakboiai4mnbu-user/played-state-storage.tmp
2024-07-18 07:02:09 CLOSE_WRITE,CLOSE /home/venice/.cache/spotify/Users/31waz63mxefnxl5bakboiai4mnbu-user/played-state-storage.tmp
2024-07-18 07:02:09 MOVED_FROM /home/venice/.cache/spotify/Users/31waz63mxefnxl5bakboiai4mnbu-user/played-state-storage.tmp
2024-07-18 07:02:09 MOVED_TO /home/venice/.cache/spotify/Users/31waz63mxefnxl5bakboiai4mnbu-user/played-state-storage
2024-07-18 07:02:10 MODIFY /home/venice/.cache/spotify/Users/31waz63mxefnxl5bakboiai4mnbu-user/primary.ldb/000567.log
2024-07-18 07:02:12 OPEN /home/venice/.cache/spotify/Users/31waz63mxefnxl5bakboiai4mnbu-user/context_player_state_restore
2024-07-18 07:02:12 MODIFY /home/venice/.cache/spotify/Users/31waz63mxefnxl5bakboiai4mnbu-user/context_player_state_restore
2024-07-18 07:02:12 CLOSE_WRITE,CLOSE /home/venice/.cache/spotify/Users/31waz63mxefnxl5bakboiai4mnbu-user/context_player_state_restore
2024-07-18 07:02:12 MODIFY /home/venice/.cache/spotify/Default/Sessions/Session_13365759482608321
2024-07-18 07:02:12 MODIFY /home/venice/.cache/spotify/Default/Sessions/Session_13365759482608321
2024-07-18 07:02:14 OPEN /home/venice/.cache/spotify/pe_counters.dat
2024-07-18 07:02:14 MODIFY /home/venice/.cache/spotify/pe_counters.dat
2024-07-18 07:02:14 CLOSE_WRITE,CLOSE /home/venice/.cache/spotify/pe_counters.dat
